# JRE version: Java(TM) SE Runtime Environment (8.0_25-b17) (build 1.8.0_25-b17)
# Java VM: Java HotSpot(TM) 64-Bit Server VM (25.25-b02 mixed mode linux-amd64 compressed oops)
Heap:
 PSYoungGen      total 147968K, used 49755K [0x00000000f0380000, 0x00000000fa680000, 0x0000000100000000)
  eden space 135168K, 27% used [0x00000000f0380000,0x00000000f27ebd80,0x00000000f8780000)
  from space 12800K, 97% used [0x00000000f8e00000,0x00000000f9a2b140,0x00000000f9a80000)
  to   space 12288K, 0% used [0x00000000f9a80000,0x00000000f9a80000,0x00000000fa680000)
 ParOldGen       total 77824K, used 47639K [0x00000000d0a00000, 0x00000000d5600000, 0x00000000f0380000)
  object space 77824K, 61% used [0x00000000d0a00000,0x00000000d3885f48,0x00000000d5600000)
 Metaspace       used 21889K, capacity 22108K, committed 22400K, reserved 1069056K
  class space    used 2473K, capacity 2574K, committed 2688K, reserved 1048576K
GC Heap History (10 events):
Event: 10.577 GC heap before
{Heap before GC invocations=15 (full 1):
 PSYoungGen      total 69632K, used 67844K [0x00000000f0380000, 0x00000000f7180000, 0x0000000100000000)
  eden space 60928K, 100% used [0x00000000f0380000,0x00000000f3f00000,0x00000000f3f00000)
  from space 8704K, 79% used [0x00000000f3f00000,0x00000000f45c1278,0x00000000f4780000)
  to   space 9216K, 0% used [0x00000000f6880000,0x00000000f6880000,0x00000000f7180000)
 ParOldGen       total 46592K, used 25673K [0x00000000d0a00000, 0x00000000d3780000, 0x00000000f0380000)
  object space 46592K, 55% used [0x00000000d0a00000,0x00000000d2312608,0x00000000d3780000)
 Metaspace       used 17876K, capacity 18024K, committed 18304K, reserved 1064960K
  class space    used 2074K, capacity 2106K, committed 2176K, reserved 1048576K
Event: 10.609 GC heap after
Heap after GC invocations=15 (full 1):
 PSYoungGen      total 103424K, used 7158K [0x00000000f0380000, 0x00000000f7280000, 0x0000000100000000)
  eden space 94208K, 0% used [0x00000000f0380000,0x00000000f0380000,0x00000000f5f80000)
  from space 9216K, 77% used [0x00000000f6880000,0x00000000f6f7dba8,0x00000000f7180000)
  to   space 9216K, 0% used [0x00000000f5f80000,0x00000000f5f80000,0x00000000f6880000)
 ParOldGen       total 46592K, used 32739K [0x00000000d0a00000, 0x00000000d3780000, 0x00000000f0380000)
  object space 46592K, 70% used [0x00000000d0a00000,0x00000000d29f8db0,0x00000000d3780000)
 Metaspace       used 17876K, capacity 18024K, committed 18304K, reserved 1064960K
  class space    used 2074K, capacity 2106K, committed 2176K, reserved 1048576K
}
Event: 10.949 GC heap before
{Heap before GC invocations=16 (full 1):
 PSYoungGen      total 103424K, used 101366K [0x00000000f0380000, 0x00000000f7280000, 0x0000000100000000)
  eden space 94208K, 100% used [0x00000000f0380000,0x00000000f5f80000,0x00000000f5f80000)
  from space 9216K, 77% used [0x00000000f6880000,0x00000000f6f7dba8,0x00000000f7180000)
  to   space 9216K, 0% used [0x00000000f5f80000,0x00000000f5f80000,0x00000000f6880000)
 ParOldGen       total 46592K, used 32739K [0x00000000d0a00000, 0x00000000d3780000, 0x00000000f0380000)
  object space 46592K, 70% used [0x00000000d0a00000,0x00000000d29f8db0,0x00000000d3780000)
 Metaspace       used 17876K, capacity 18024K, committed 18304K, reserved 1064960K
  class space    used 2074K, capacity 2106K, committed 2176K, reserved 1048576K
Event: 11.015 GC heap after
Heap after GC invocations=16 (full 1):
 PSYoungGen      total 103424K, used 9202K [0x00000000f0380000, 0x00000000fae00000, 0x0000000100000000)
  eden space 94208K, 0% used [0x00000000f0380000,0x00000000f0380000,0x00000000f5f80000)
  from space 9216K, 99% used [0x00000000f5f80000,0x00000000f687c970,0x00000000f6880000)
  to   space 13824K, 0% used [0x00000000fa080000,0x00000000fa080000,0x00000000fae00000)
 ParOldGen       total 46592K, used 42507K [0x00000000d0a00000, 0x00000000d3780000, 0x00000000f0380000)
  object space 46592K, 91% used [0x00000000d0a00000,0x00000000d3382db0,0x00000000d3780000)
 Metaspace       used 17876K, capacity 18024K, committed 18304K, reserved 1064960K
  class space    used 2074K, capacity 2106K, committed 2176K, reserved 1048576K
}
Event: 11.015 GC heap before
{Heap before GC invocations=17 (full 2):
 PSYoungGen      total 103424K, used 9202K [0x00000000f0380000, 0x00000000fae00000, 0x0000000100000000)
  eden space 94208K, 0% used [0x00000000f0380000,0x00000000f0380000,0x00000000f5f80000)
  from space 9216K, 99% used [0x00000000f5f80000,0x00000000f687c970,0x00000000f6880000)
  to   space 13824K, 0% used [0x00000000fa080000,0x00000000fa080000,0x00000000fae00000)
 ParOldGen       total 46592K, used 42507K [0x00000000d0a00000, 0x00000000d3780000, 0x00000000f0380000)
  object space 46592K, 91% used [0x00000000d0a00000,0x00000000d3382db0,0x00000000d3780000)
 Metaspace       used 17876K, capacity 18024K, committed 18304K, reserved 1064960K
  class space    used 2074K, capacity 2106K, committed 2176K, reserved 1048576K
Event: 11.289 GC heap after
Heap after GC invocations=17 (full 2):
 PSYoungGen      total 103424K, used 999K [0x00000000f0380000, 0x00000000fae00000, 0x0000000100000000)
  eden space 94208K, 0% used [0x00000000f0380000,0x00000000f0380000,0x00000000f5f80000)
  from space 9216K, 10% used [0x00000000f5f80000,0x00000000f6079ed8,0x00000000f6880000)
  to   space 13824K, 0% used [0x00000000fa080000,0x00000000fa080000,0x00000000fae00000)
 ParOldGen       total 77824K, used 46573K [0x00000000d0a00000, 0x00000000d5600000, 0x00000000f0380000)
  object space 77824K, 59% used [0x00000000d0a00000,0x00000000d377b6f8,0x00000000d5600000)
 Metaspace       used 17876K, capacity 18024K, committed 18304K, reserved 1064960K
  class space    used 2074K, capacity 2106K, committed 2176K, reserved 1048576K
}
Event: 15.736 GC heap before
{Heap before GC invocations=18 (full 2):
 PSYoungGen      total 103424K, used 95207K [0x00000000f0380000, 0x00000000fae00000, 0x0000000100000000)
  eden space 94208K, 100% used [0x00000000f0380000,0x00000000f5f80000,0x00000000f5f80000)
  from space 9216K, 10% used [0x00000000f5f80000,0x00000000f6079ed8,0x00000000f6880000)
  to   space 13824K, 0% used [0x00000000fa080000,0x00000000fa080000,0x00000000fae00000)
 ParOldGen       total 77824K, used 46573K [0x00000000d0a00000, 0x00000000d5600000, 0x00000000f0380000)
  object space 77824K, 59% used [0x00000000d0a00000,0x00000000d377b6f8,0x00000000d5600000)
 Metaspace       used 20233K, capacity 20444K, committed 20864K, reserved 1067008K
  class space    used 2328K, capacity 2398K, committed 2432K, reserved 1048576K
Event: 15.774 GC heap after
Heap after GC invocations=18 (full 2):
 PSYoungGen      total 129024K, used 10640K [0x00000000f0380000, 0x00000000fab00000, 0x0000000100000000)
  eden space 118272K, 0% used [0x00000000f0380000,0x00000000f0380000,0x00000000f7700000)
  from space 10752K, 98% used [0x00000000fa080000,0x00000000faae41e0,0x00000000fab00000)
  to   space 14848K, 0% used [0x00000000f8e00000,0x00000000f8e00000,0x00000000f9c80000)
 ParOldGen       total 77824K, used 47631K [0x00000000d0a00000, 0x00000000d5600000, 0x00000000f0380000)
  object space 77824K, 61% used [0x00000000d0a00000,0x00000000d3883f48,0x00000000d5600000)
 Metaspace       used 20233K, capacity 20444K, committed 20864K, reserved 1067008K
  class space    used 2328K, capacity 2398K, committed 2432K, reserved 1048576K
}
Event: 67.949 GC heap before
{Heap before GC invocations=19 (full 2):
 PSYoungGen      total 129024K, used 128912K [0x00000000f0380000, 0x00000000fab00000, 0x0000000100000000)
  eden space 118272K, 100% used [0x00000000f0380000,0x00000000f7700000,0x00000000f7700000)
  from space 10752K, 98% used [0x00000000fa080000,0x00000000faae41e0,0x00000000fab00000)
  to   space 14848K, 0% used [0x00000000f8e00000,0x00000000f8e00000,0x00000000f9c80000)
 ParOldGen       total 77824K, used 47631K [0x00000000d0a00000, 0x00000000d5600000, 0x00000000f0380000)
  object space 77824K, 61% used [0x00000000d0a00000,0x00000000d3883f48,0x00000000d5600000)
 Metaspace       used 21609K, capacity 21798K, committed 22272K, reserved 1069056K
  class space    used 2457K, capacity 2501K, committed 2560K, reserved 1048576K
Event: 67.972 GC heap after
Heap after GC invocations=19 (full 2):
 PSYoungGen      total 147968K, used 12460K [0x00000000f0380000, 0x00000000fa680000, 0x0000000100000000)
  eden space 135168K, 0% used [0x00000000f0380000,0x00000000f0380000,0x00000000f8780000)
  from space 12800K, 97% used [0x00000000f8e00000,0x00000000f9a2b140,0x00000000f9a80000)
  to   space 12288K, 0% used [0x00000000f9a80000,0x00000000f9a80000,0x00000000fa680000)
 ParOldGen       total 77824K, used 47639K [0x00000000d0a00000, 0x00000000d5600000, 0x00000000f0380000)
  object space 77824K, 61% used [0x00000000d0a00000,0x00000000d3885f48,0x00000000d5600000)
 Metaspace       used 21609K, capacity 21798K, committed 22272K, reserved 1069056K
  class space    used 2457K, capacity 2501K, committed 2560K, reserved 1048576K
}

