# JRE version: Java(TM) SE Runtime Environment (8.0_25-b17) (build 1.8.0_25-b17)
# Java VM: Java HotSpot(TM) 64-Bit Server VM (25.25-b02 mixed mode linux-amd64 compressed oops)
Heap:
 PSYoungGen      total 105472K, used 9901K [0x00000000f0380000, 0x00000000fd080000, 0x0000000100000000)
  eden space 98304K, 10% used [0x00000000f0380000,0x00000000f0d2b4b0,0x00000000f6380000)
  from space 7168K, 0% used [0x00000000f6380000,0x00000000f6380000,0x00000000f6a80000)
  to   space 6656K, 0% used [0x00000000fca00000,0x00000000fca00000,0x00000000fd080000)
 ParOldGen       total 34816K, used 13470K [0x00000000d0a00000, 0x00000000d2c00000, 0x00000000f0380000)
  object space 34816K, 38% used [0x00000000d0a00000,0x00000000d17279b0,0x00000000d2c00000)
 Metaspace       used 21385K, capacity 21610K, committed 21760K, reserved 1069056K
  class space    used 2463K, capacity 2535K, committed 2560K, reserved 1048576K
GC Heap History (10 events):
Event: 4.931 GC heap before
{Heap before GC invocations=4 (full 0):
 PSYoungGen      total 26624K, used 26592K [0x00000000f0380000, 0x00000000f3780000, 0x0000000100000000)
  eden space 24576K, 100% used [0x00000000f0380000,0x00000000f1b80000,0x00000000f1b80000)
  from space 2048K, 98% used [0x00000000f1b80000,0x00000000f1d78070,0x00000000f1d80000)
  to   space 2048K, 0% used [0x00000000f3580000,0x00000000f3580000,0x00000000f3780000)
 ParOldGen       total 32768K, used 8836K [0x00000000d0a00000, 0x00000000d2a00000, 0x00000000f0380000)
  object space 32768K, 26% used [0x00000000d0a00000,0x00000000d12a1138,0x00000000d2a00000)
 Metaspace       used 16874K, capacity 17056K, committed 17408K, reserved 1064960K
  class space    used 1961K, capacity 2022K, committed 2048K, reserved 1048576K
Event: 4.968 GC heap after
Heap after GC invocations=4 (full 0):
 PSYoungGen      total 51200K, used 2028K [0x00000000f0380000, 0x00000000f3780000, 0x0000000100000000)
  eden space 49152K, 0% used [0x00000000f0380000,0x00000000f0380000,0x00000000f3380000)
  from space 2048K, 99% used [0x00000000f3580000,0x00000000f377b000,0x00000000f3780000)
  to   space 2048K, 0% used [0x00000000f3380000,0x00000000f3380000,0x00000000f3580000)
 ParOldGen       total 32768K, used 10769K [0x00000000d0a00000, 0x00000000d2a00000, 0x00000000f0380000)
  object space 32768K, 32% used [0x00000000d0a00000,0x00000000d1484450,0x00000000d2a00000)
 Metaspace       used 16874K, capacity 17056K, committed 17408K, reserved 1064960K
  class space    used 1961K, capacity 2022K, committed 2048K, reserved 1048576K
}
Event: 10.335 GC heap before
{Heap before GC invocations=5 (full 0):
 PSYoungGen      total 51200K, used 51180K [0x00000000f0380000, 0x00000000f3780000, 0x0000000100000000)
  eden space 49152K, 100% used [0x00000000f0380000,0x00000000f3380000,0x00000000f3380000)
  from space 2048K, 99% used [0x00000000f3580000,0x00000000f377b000,0x00000000f3780000)
  to   space 2048K, 0% used [0x00000000f3380000,0x00000000f3380000,0x00000000f3580000)
 ParOldGen       total 32768K, used 10769K [0x00000000d0a00000, 0x00000000d2a00000, 0x00000000f0380000)
  object space 32768K, 32% used [0x00000000d0a00000,0x00000000d1484450,0x00000000d2a00000)
 Metaspace       used 19127K, capacity 19270K, committed 19456K, reserved 1067008K
  class space    used 2201K, capacity 2247K, committed 2304K, reserved 1048576K
Event: 10.362 GC heap after
Heap after GC invocations=5 (full 0):
 PSYoungGen      total 51200K, used 2037K [0x00000000f0380000, 0x00000000f7180000, 0x0000000100000000)
  eden space 49152K, 0% used [0x00000000f0380000,0x00000000f0380000,0x00000000f3380000)
  from space 2048K, 99% used [0x00000000f3380000,0x00000000f357d6b8,0x00000000f3580000)
  to   space 7168K, 0% used [0x00000000f6a80000,0x00000000f6a80000,0x00000000f7180000)
 ParOldGen       total 32768K, used 13005K [0x00000000d0a00000, 0x00000000d2a00000, 0x00000000f0380000)
  object space 32768K, 39% used [0x00000000d0a00000,0x00000000d16b3600,0x00000000d2a00000)
 Metaspace       used 19127K, capacity 19270K, committed 19456K, reserved 1067008K
  class space    used 2201K, capacity 2247K, committed 2304K, reserved 1048576K
}
Event: 14.347 GC heap before
{Heap before GC invocations=6 (full 0):
 PSYoungGen      total 51200K, used 51189K [0x00000000f0380000, 0x00000000f7180000, 0x0000000100000000)
  eden space 49152K, 100% used [0x00000000f0380000,0x00000000f3380000,0x00000000f3380000)
  from space 2048K, 99% used [0x00000000f3380000,0x00000000f357d6b8,0x00000000f3580000)
  to   space 7168K, 0% used [0x00000000f6a80000,0x00000000f6a80000,0x00000000f7180000)
 ParOldGen       total 32768K, used 13005K [0x00000000d0a00000, 0x00000000d2a00000, 0x00000000f0380000)
  object space 32768K, 39% used [0x00000000d0a00000,0x00000000d16b3600,0x00000000d2a00000)
 Metaspace       used 19262K, capacity 19430K, committed 19712K, reserved 1067008K
  class space    used 2202K, capacity 2279K, committed 2304K, reserved 1048576K
Event: 14.368 GC heap after
Heap after GC invocations=6 (full 0):
 PSYoungGen      total 105472K, used 2892K [0x00000000f0380000, 0x00000000f7180000, 0x0000000100000000)
  eden space 98304K, 0% used [0x00000000f0380000,0x00000000f0380000,0x00000000f6380000)
  from space 7168K, 40% used [0x00000000f6a80000,0x00000000f6d53018,0x00000000f7180000)
  to   space 7168K, 0% used [0x00000000f6380000,0x00000000f6380000,0x00000000f6a80000)
 ParOldGen       total 32768K, used 13005K [0x00000000d0a00000, 0x00000000d2a00000, 0x00000000f0380000)
  object space 32768K, 39% used [0x00000000d0a00000,0x00000000d16b3600,0x00000000d2a00000)
 Metaspace       used 19262K, capacity 19430K, committed 19712K, reserved 1067008K
  class space    used 2202K, capacity 2279K, committed 2304K, reserved 1048576K
}
Event: 15.336 GC heap before
{Heap before GC invocations=7 (full 0):
 PSYoungGen      total 105472K, used 22361K [0x00000000f0380000, 0x00000000f7180000, 0x0000000100000000)
  eden space 98304K, 19% used [0x00000000f0380000,0x00000000f1683478,0x00000000f6380000)
  from space 7168K, 40% used [0x00000000f6a80000,0x00000000f6d53018,0x00000000f7180000)
  to   space 7168K, 0% used [0x00000000f6380000,0x00000000f6380000,0x00000000f6a80000)
 ParOldGen       total 32768K, used 13005K [0x00000000d0a00000, 0x00000000d2a00000, 0x00000000f0380000)
  object space 32768K, 39% used [0x00000000d0a00000,0x00000000d16b3600,0x00000000d2a00000)
 Metaspace       used 20862K, capacity 21030K, committed 21248K, reserved 1069056K
  class space    used 2399K, capacity 2471K, committed 2560K, reserved 1048576K
Event: 15.349 GC heap after
Heap after GC invocations=7 (full 0):
 PSYoungGen      total 105472K, used 4158K [0x00000000f0380000, 0x00000000fd080000, 0x0000000100000000)
  eden space 98304K, 0% used [0x00000000f0380000,0x00000000f0380000,0x00000000f6380000)
  from space 7168K, 58% used [0x00000000f6380000,0x00000000f678f9a0,0x00000000f6a80000)
  to   space 6656K, 0% used [0x00000000fca00000,0x00000000fca00000,0x00000000fd080000)
 ParOldGen       total 32768K, used 13389K [0x00000000d0a00000, 0x00000000d2a00000, 0x00000000f0380000)
  object space 32768K, 40% used [0x00000000d0a00000,0x00000000d1713620,0x00000000d2a00000)
 Metaspace       used 20862K, capacity 21030K, committed 21248K, reserved 1069056K
  class space    used 2399K, capacity 2471K, committed 2560K, reserved 1048576K
}
Event: 15.350 GC heap before
{Heap before GC invocations=8 (full 1):
 PSYoungGen      total 105472K, used 4158K [0x00000000f0380000, 0x00000000fd080000, 0x0000000100000000)
  eden space 98304K, 0% used [0x00000000f0380000,0x00000000f0380000,0x00000000f6380000)
  from space 7168K, 58% used [0x00000000f6380000,0x00000000f678f9a0,0x00000000f6a80000)
  to   space 6656K, 0% used [0x00000000fca00000,0x00000000fca00000,0x00000000fd080000)
 ParOldGen       total 32768K, used 13389K [0x00000000d0a00000, 0x00000000d2a00000, 0x00000000f0380000)
  object space 32768K, 40% used [0x00000000d0a00000,0x00000000d1713620,0x00000000d2a00000)
 Metaspace       used 20862K, capacity 21030K, committed 21248K, reserved 1069056K
  class space    used 2399K, capacity 2471K, committed 2560K, reserved 1048576K
Event: 15.434 GC heap after
Heap after GC invocations=8 (full 1):
 PSYoungGen      total 105472K, used 0K [0x00000000f0380000, 0x00000000fd080000, 0x0000000100000000)
  eden space 98304K, 0% used [0x00000000f0380000,0x00000000f0380000,0x00000000f6380000)
  from space 7168K, 0% used [0x00000000f6380000,0x00000000f6380000,0x00000000f6a80000)
  to   space 6656K, 0% used [0x00000000fca00000,0x00000000fca00000,0x00000000fd080000)
 ParOldGen       total 34816K, used 13470K [0x00000000d0a00000, 0x00000000d2c00000, 0x00000000f0380000)
  object space 34816K, 38% used [0x00000000d0a00000,0x00000000d17279b0,0x00000000d2c00000)
 Metaspace       used 20861K, capacity 21028K, committed 21248K, reserved 1069056K
  class space    used 2398K, capacity 2470K, committed 2560K, reserved 1048576K
}

