# JRE version: Java(TM) SE Runtime Environment (8.0_25-b17) (build 1.8.0_25-b17)
# Java VM: Java HotSpot(TM) 64-Bit Server VM (25.25-b02 mixed mode linux-amd64 compressed oops)
Heap:
 PSYoungGen      total 51200K, used 31970K [0x00000000f0380000, 0x00000000f3780000, 0x0000000100000000)
  eden space 49152K, 60% used [0x00000000f0380000,0x00000000f20bcaf8,0x00000000f3380000)
  from space 2048K, 99% used [0x00000000f3580000,0x00000000f377c0d0,0x00000000f3780000)
  to   space 2048K, 0% used [0x00000000f3380000,0x00000000f3380000,0x00000000f3580000)
 ParOldGen       total 32768K, used 11011K [0x00000000d0a00000, 0x00000000d2a00000, 0x00000000f0380000)
  object space 32768K, 33% used [0x00000000d0a00000,0x00000000d14c0e80,0x00000000d2a00000)
 Metaspace       used 19019K, capacity 19190K, committed 19456K, reserved 1067008K
  class space    used 2189K, capacity 2241K, committed 2304K, reserved 1048576K
GC Heap History (8 events):
Event: 0.619 GC heap before
{Heap before GC invocations=1 (full 0):
 PSYoungGen      total 14336K, used 12288K [0x00000000f0380000, 0x00000000f1380000, 0x0000000100000000)
  eden space 12288K, 100% used [0x00000000f0380000,0x00000000f0f80000,0x00000000f0f80000)
  from space 2048K, 0% used [0x00000000f1180000,0x00000000f1180000,0x00000000f1380000)
  to   space 2048K, 0% used [0x00000000f0f80000,0x00000000f0f80000,0x00000000f1180000)
 ParOldGen       total 32768K, used 0K [0x00000000d0a00000, 0x00000000d2a00000, 0x00000000f0380000)
  object space 32768K, 0% used [0x00000000d0a00000,0x00000000d0a00000,0x00000000d2a00000)
 Metaspace       used 5509K, capacity 5844K, committed 6144K, reserved 1056768K
  class space    used 653K, capacity 656K, committed 768K, reserved 1048576K
Event: 0.633 GC heap after
Heap after GC invocations=1 (full 0):
 PSYoungGen      total 14336K, used 2032K [0x00000000f0380000, 0x00000000f1f80000, 0x0000000100000000)
  eden space 12288K, 0% used [0x00000000f0380000,0x00000000f0380000,0x00000000f0f80000)
  from space 2048K, 99% used [0x00000000f0f80000,0x00000000f117c030,0x00000000f1180000)
  to   space 2048K, 0% used [0x00000000f1d80000,0x00000000f1d80000,0x00000000f1f80000)
 ParOldGen       total 32768K, used 1504K [0x00000000d0a00000, 0x00000000d2a00000, 0x00000000f0380000)
  object space 32768K, 4% used [0x00000000d0a00000,0x00000000d0b78080,0x00000000d2a00000)
 Metaspace       used 5509K, capacity 5844K, committed 6144K, reserved 1056768K
  class space    used 653K, capacity 656K, committed 768K, reserved 1048576K
}
Event: 1.439 GC heap before
{Heap before GC invocations=2 (full 0):
 PSYoungGen      total 14336K, used 14320K [0x00000000f0380000, 0x00000000f1f80000, 0x0000000100000000)
  eden space 12288K, 100% used [0x00000000f0380000,0x00000000f0f80000,0x00000000f0f80000)
  from space 2048K, 99% used [0x00000000f0f80000,0x00000000f117c030,0x00000000f1180000)
  to   space 2048K, 0% used [0x00000000f1d80000,0x00000000f1d80000,0x00000000f1f80000)
 ParOldGen       total 32768K, used 1504K [0x00000000d0a00000, 0x00000000d2a00000, 0x00000000f0380000)
  object space 32768K, 4% used [0x00000000d0a00000,0x00000000d0b78080,0x00000000d2a00000)
 Metaspace       used 9283K, capacity 9400K, committed 9600K, reserved 1058816K
  class space    used 1113K, capacity 1146K, committed 1152K, reserved 1048576K
Event: 1.452 GC heap after
Heap after GC invocations=2 (full 0):
 PSYoungGen      total 26624K, used 2032K [0x00000000f0380000, 0x00000000f1f80000, 0x0000000100000000)
  eden space 24576K, 0% used [0x00000000f0380000,0x00000000f0380000,0x00000000f1b80000)
  from space 2048K, 99% used [0x00000000f1d80000,0x00000000f1f7c030,0x00000000f1f80000)
  to   space 2048K, 0% used [0x00000000f1b80000,0x00000000f1b80000,0x00000000f1d80000)
 ParOldGen       total 32768K, used 3799K [0x00000000d0a00000, 0x00000000d2a00000, 0x00000000f0380000)
  object space 32768K, 11% used [0x00000000d0a00000,0x00000000d0db5e20,0x00000000d2a00000)
 Metaspace       used 9283K, capacity 9400K, committed 9600K, reserved 1058816K
  class space    used 1113K, capacity 1146K, committed 1152K, reserved 1048576K
}
Event: 3.219 GC heap before
{Heap before GC invocations=3 (full 0):
 PSYoungGen      total 26624K, used 26608K [0x00000000f0380000, 0x00000000f1f80000, 0x0000000100000000)
  eden space 24576K, 100% used [0x00000000f0380000,0x00000000f1b80000,0x00000000f1b80000)
  from space 2048K, 99% used [0x00000000f1d80000,0x00000000f1f7c030,0x00000000f1f80000)
  to   space 2048K, 0% used [0x00000000f1b80000,0x00000000f1b80000,0x00000000f1d80000)
 ParOldGen       total 32768K, used 3799K [0x00000000d0a00000, 0x00000000d2a00000, 0x00000000f0380000)
  object space 32768K, 11% used [0x00000000d0a00000,0x00000000d0db5e20,0x00000000d2a00000)
 Metaspace       used 15106K, capacity 15284K, committed 15360K, reserved 1062912K
  class space    used 1734K, capacity 1792K, committed 1792K, reserved 1048576K
Event: 3.248 GC heap after
Heap after GC invocations=3 (full 0):
 PSYoungGen      total 26624K, used 2032K [0x00000000f0380000, 0x00000000f3780000, 0x0000000100000000)
  eden space 24576K, 0% used [0x00000000f0380000,0x00000000f0380000,0x00000000f1b80000)
  from space 2048K, 99% used [0x00000000f1b80000,0x00000000f1d7c060,0x00000000f1d80000)
  to   space 2048K, 0% used [0x00000000f3580000,0x00000000f3580000,0x00000000f3780000)
 ParOldGen       total 32768K, used 8632K [0x00000000d0a00000, 0x00000000d2a00000, 0x00000000f0380000)
  object space 32768K, 26% used [0x00000000d0a00000,0x00000000d126e110,0x00000000d2a00000)
 Metaspace       used 15106K, capacity 15284K, committed 15360K, reserved 1062912K
  class space    used 1734K, capacity 1792K, committed 1792K, reserved 1048576K
}
Event: 9.147 GC heap before
{Heap before GC invocations=4 (full 0):
 PSYoungGen      total 26624K, used 26608K [0x00000000f0380000, 0x00000000f3780000, 0x0000000100000000)
  eden space 24576K, 100% used [0x00000000f0380000,0x00000000f1b80000,0x00000000f1b80000)
  from space 2048K, 99% used [0x00000000f1b80000,0x00000000f1d7c060,0x00000000f1d80000)
  to   space 2048K, 0% used [0x00000000f3580000,0x00000000f3580000,0x00000000f3780000)
 ParOldGen       total 32768K, used 8632K [0x00000000d0a00000, 0x00000000d2a00000, 0x00000000f0380000)
  object space 32768K, 26% used [0x00000000d0a00000,0x00000000d126e110,0x00000000d2a00000)
 Metaspace       used 17064K, capacity 17206K, committed 17536K, reserved 1064960K
  class space    used 2003K, capacity 2049K, committed 2176K, reserved 1048576K
Event: 9.190 GC heap after
Heap after GC invocations=4 (full 0):
 PSYoungGen      total 51200K, used 2032K [0x00000000f0380000, 0x00000000f3780000, 0x0000000100000000)
  eden space 49152K, 0% used [0x00000000f0380000,0x00000000f0380000,0x00000000f3380000)
  from space 2048K, 99% used [0x00000000f3580000,0x00000000f377c0d0,0x00000000f3780000)
  to   space 2048K, 0% used [0x00000000f3380000,0x00000000f3380000,0x00000000f3580000)
 ParOldGen       total 32768K, used 11011K [0x00000000d0a00000, 0x00000000d2a00000, 0x00000000f0380000)
  object space 32768K, 33% used [0x00000000d0a00000,0x00000000d14c0e80,0x00000000d2a00000)
 Metaspace       used 17064K, capacity 17206K, committed 17536K, reserved 1064960K
  class space    used 2003K, capacity 2049K, committed 2176K, reserved 1048576K
}

