# JRE version: Java(TM) SE Runtime Environment (8.0_25-b17) (build 1.8.0_25-b17)
# Java VM: Java HotSpot(TM) 64-Bit Server VM (25.25-b02 mixed mode linux-amd64 compressed oops)
Heap:
 PSYoungGen      total 199680K, used 118997K [0x00000000f0380000, 0x0000000100000000, 0x0000000100000000)
  eden space 181248K, 55% used [0x00000000f0380000,0x00000000f65bc2d0,0x00000000fb480000)
  from space 18432K, 99% used [0x00000000fb480000,0x00000000fc6792e0,0x00000000fc680000)
  to   space 26112K, 0% used [0x00000000fe680000,0x00000000fe680000,0x0000000100000000)
 ParOldGen       total 54784K, used 43394K [0x00000000d0a00000, 0x00000000d3f80000, 0x00000000f0380000)
  object space 54784K, 79% used [0x00000000d0a00000,0x00000000d3460908,0x00000000d3f80000)
 Metaspace       used 20097K, capacity 20298K, committed 20608K, reserved 1067008K
  class space    used 2327K, capacity 2403K, committed 2432K, reserved 1048576K
GC Heap History (10 events):
Event: 11.437 GC heap before
{Heap before GC invocations=6 (full 0):
 PSYoungGen      total 51200K, used 51184K [0x00000000f0380000, 0x00000000f7480000, 0x0000000100000000)
  eden space 49152K, 100% used [0x00000000f0380000,0x00000000f3380000,0x00000000f3380000)
  from space 2048K, 99% used [0x00000000f3380000,0x00000000f357c060,0x00000000f3580000)
  to   space 8704K, 0% used [0x00000000f6c00000,0x00000000f6c00000,0x00000000f7480000)
 ParOldGen       total 32768K, used 17996K [0x00000000d0a00000, 0x00000000d2a00000, 0x00000000f0380000)
  object space 32768K, 54% used [0x00000000d0a00000,0x00000000d1b933e8,0x00000000d2a00000)
 Metaspace       used 18091K, capacity 18236K, committed 18560K, reserved 1064960K
  class space    used 2112K, capacity 2172K, committed 2176K, reserved 1048576K
Event: 11.556 GC heap after
Heap after GC invocations=6 (full 0):
 PSYoungGen      total 102912K, used 8684K [0x00000000f0380000, 0x00000000f7c80000, 0x0000000100000000)
  eden space 94208K, 0% used [0x00000000f0380000,0x00000000f0380000,0x00000000f5f80000)
  from space 8704K, 99% used [0x00000000f6c00000,0x00000000f747b1b0,0x00000000f7480000)
  to   space 12800K, 0% used [0x00000000f5f80000,0x00000000f5f80000,0x00000000f6c00000)
 ParOldGen       total 32768K, used 22883K [0x00000000d0a00000, 0x00000000d2a00000, 0x00000000f0380000)
  object space 32768K, 69% used [0x00000000d0a00000,0x00000000d2058e20,0x00000000d2a00000)
 Metaspace       used 18091K, capacity 18236K, committed 18560K, reserved 1064960K
  class space    used 2112K, capacity 2172K, committed 2176K, reserved 1048576K
}
Event: 12.102 GC heap before
{Heap before GC invocations=7 (full 0):
 PSYoungGen      total 102912K, used 102892K [0x00000000f0380000, 0x00000000f7c80000, 0x0000000100000000)
  eden space 94208K, 100% used [0x00000000f0380000,0x00000000f5f80000,0x00000000f5f80000)
  from space 8704K, 99% used [0x00000000f6c00000,0x00000000f747b1b0,0x00000000f7480000)
  to   space 12800K, 0% used [0x00000000f5f80000,0x00000000f5f80000,0x00000000f6c00000)
 ParOldGen       total 32768K, used 22883K [0x00000000d0a00000, 0x00000000d2a00000, 0x00000000f0380000)
  object space 32768K, 69% used [0x00000000d0a00000,0x00000000d2058e20,0x00000000d2a00000)
 Metaspace       used 18101K, capacity 18300K, committed 18560K, reserved 1064960K
  class space    used 2112K, capacity 2172K, committed 2176K, reserved 1048576K
Event: 12.268 GC heap after
Heap after GC invocations=7 (full 0):
 PSYoungGen      total 107008K, used 12781K [0x00000000f0380000, 0x00000000fdf80000, 0x0000000100000000)
  eden space 94208K, 0% used [0x00000000f0380000,0x00000000f0380000,0x00000000f5f80000)
  from space 12800K, 99% used [0x00000000f5f80000,0x00000000f6bfb4d0,0x00000000f6c00000)
  to   space 18432K, 0% used [0x00000000fcd80000,0x00000000fcd80000,0x00000000fdf80000)
 ParOldGen       total 32768K, used 29621K [0x00000000d0a00000, 0x00000000d2a00000, 0x00000000f0380000)
  object space 32768K, 90% used [0x00000000d0a00000,0x00000000d26ed638,0x00000000d2a00000)
 Metaspace       used 18101K, capacity 18300K, committed 18560K, reserved 1064960K
  class space    used 2112K, capacity 2172K, committed 2176K, reserved 1048576K
}
Event: 12.269 GC heap before
{Heap before GC invocations=8 (full 1):
 PSYoungGen      total 107008K, used 12781K [0x00000000f0380000, 0x00000000fdf80000, 0x0000000100000000)
  eden space 94208K, 0% used [0x00000000f0380000,0x00000000f0380000,0x00000000f5f80000)
  from space 12800K, 99% used [0x00000000f5f80000,0x00000000f6bfb4d0,0x00000000f6c00000)
  to   space 18432K, 0% used [0x00000000fcd80000,0x00000000fcd80000,0x00000000fdf80000)
 ParOldGen       total 32768K, used 29621K [0x00000000d0a00000, 0x00000000d2a00000, 0x00000000f0380000)
  object space 32768K, 90% used [0x00000000d0a00000,0x00000000d26ed638,0x00000000d2a00000)
 Metaspace       used 18101K, capacity 18300K, committed 18560K, reserved 1064960K
  class space    used 2112K, capacity 2172K, committed 2176K, reserved 1048576K
Event: 12.723 GC heap after
Heap after GC invocations=8 (full 1):
 PSYoungGen      total 107008K, used 0K [0x00000000f0380000, 0x00000000fdf80000, 0x0000000100000000)
  eden space 94208K, 0% used [0x00000000f0380000,0x00000000f0380000,0x00000000f5f80000)
  from space 12800K, 0% used [0x00000000f5f80000,0x00000000f5f80000,0x00000000f6c00000)
  to   space 18432K, 0% used [0x00000000fcd80000,0x00000000fcd80000,0x00000000fdf80000)
 ParOldGen       total 54784K, used 30857K [0x00000000d0a00000, 0x00000000d3f80000, 0x00000000f0380000)
  object space 54784K, 56% used [0x00000000d0a00000,0x00000000d2822738,0x00000000d3f80000)
 Metaspace       used 18099K, capacity 18298K, committed 18560K, reserved 1064960K
  class space    used 2111K, capacity 2171K, committed 2176K, reserved 1048576K
}
Event: 13.466 GC heap before
{Heap before GC invocations=9 (full 1):
 PSYoungGen      total 107008K, used 94208K [0x00000000f0380000, 0x00000000fdf80000, 0x0000000100000000)
  eden space 94208K, 100% used [0x00000000f0380000,0x00000000f5f80000,0x00000000f5f80000)
  from space 12800K, 0% used [0x00000000f5f80000,0x00000000f5f80000,0x00000000f6c00000)
  to   space 18432K, 0% used [0x00000000fcd80000,0x00000000fcd80000,0x00000000fdf80000)
 ParOldGen       total 54784K, used 30857K [0x00000000d0a00000, 0x00000000d3f80000, 0x00000000f0380000)
  object space 54784K, 56% used [0x00000000d0a00000,0x00000000d2822738,0x00000000d3f80000)
 Metaspace       used 18101K, capacity 18298K, committed 18560K, reserved 1064960K
  class space    used 2112K, capacity 2171K, committed 2176K, reserved 1048576K
Event: 13.587 GC heap after
Heap after GC invocations=9 (full 1):
 PSYoungGen      total 173056K, used 10870K [0x00000000f0380000, 0x00000000fd880000, 0x0000000100000000)
  eden space 161792K, 0% used [0x00000000f0380000,0x00000000f0380000,0x00000000fa180000)
  from space 11264K, 96% used [0x00000000fcd80000,0x00000000fd81dba8,0x00000000fd880000)
  to   space 18432K, 0% used [0x00000000fb480000,0x00000000fb480000,0x00000000fc680000)
 ParOldGen       total 54784K, used 30857K [0x00000000d0a00000, 0x00000000d3f80000, 0x00000000f0380000)
  object space 54784K, 56% used [0x00000000d0a00000,0x00000000d2822738,0x00000000d3f80000)
 Metaspace       used 18101K, capacity 18298K, committed 18560K, reserved 1064960K
  class space    used 2112K, capacity 2171K, committed 2176K, reserved 1048576K
}
Event: 14.721 GC heap before
{Heap before GC invocations=10 (full 1):
 PSYoungGen      total 173056K, used 172662K [0x00000000f0380000, 0x00000000fd880000, 0x0000000100000000)
  eden space 161792K, 100% used [0x00000000f0380000,0x00000000fa180000,0x00000000fa180000)
  from space 11264K, 96% used [0x00000000fcd80000,0x00000000fd81dba8,0x00000000fd880000)
  to   space 18432K, 0% used [0x00000000fb480000,0x00000000fb480000,0x00000000fc680000)
 ParOldGen       total 54784K, used 30857K [0x00000000d0a00000, 0x00000000d3f80000, 0x00000000f0380000)
  object space 54784K, 56% used [0x00000000d0a00000,0x00000000d2822738,0x00000000d3f80000)
 Metaspace       used 18115K, capacity 18298K, committed 18560K, reserved 1064960K
  class space    used 2115K, capacity 2171K, committed 2176K, reserved 1048576K
Event: 15.018 GC heap after
Heap after GC invocations=10 (full 1):
 PSYoungGen      total 199680K, used 18404K [0x00000000f0380000, 0x0000000100000000, 0x0000000100000000)
  eden space 181248K, 0% used [0x00000000f0380000,0x00000000f0380000,0x00000000fb480000)
  from space 18432K, 99% used [0x00000000fb480000,0x00000000fc6792e0,0x00000000fc680000)
  to   space 26112K, 0% used [0x00000000fe680000,0x00000000fe680000,0x0000000100000000)
 ParOldGen       total 54784K, used 43394K [0x00000000d0a00000, 0x00000000d3f80000, 0x00000000f0380000)
  object space 54784K, 79% used [0x00000000d0a00000,0x00000000d3460908,0x00000000d3f80000)
 Metaspace       used 18115K, capacity 18298K, committed 18560K, reserved 1064960K
  class space    used 2115K, capacity 2171K, committed 2176K, reserved 1048576K
}

