# JRE version: Java(TM) SE Runtime Environment (8.0_25-b17) (build 1.8.0_25-b17)
# Java VM: Java HotSpot(TM) 64-Bit Server VM (25.25-b02 mixed mode linux-amd64 compressed oops)
Heap:
 PSYoungGen      total 173568K, used 95967K [0x00000000f0380000, 0x00000000fdb80000, 0x0000000100000000)
  eden space 163328K, 52% used [0x00000000f0380000,0x00000000f575d958,0x00000000fa300000)
  from space 10240K, 98% used [0x00000000fd180000,0x00000000fdb5a500,0x00000000fdb80000)
  to   space 16384K, 0% used [0x00000000fbb80000,0x00000000fbb80000,0x00000000fcb80000)
 ParOldGen       total 53760K, used 26502K [0x00000000d0a00000, 0x00000000d3e80000, 0x00000000f0380000)
  object space 53760K, 49% used [0x00000000d0a00000,0x00000000d23e18e8,0x00000000d3e80000)
 Metaspace       used 20161K, capacity 20366K, committed 20608K, reserved 1067008K
  class space    used 2330K, capacity 2401K, committed 2432K, reserved 1048576K
GC Heap History (10 events):
Event: 6.712 GC heap before
{Heap before GC invocations=5 (full 0):
 PSYoungGen      total 51200K, used 51193K [0x00000000f0380000, 0x00000000f3780000, 0x0000000100000000)
  eden space 49152K, 100% used [0x00000000f0380000,0x00000000f3380000,0x00000000f3380000)
  from space 2048K, 99% used [0x00000000f3580000,0x00000000f377e670,0x00000000f3780000)
  to   space 2048K, 0% used [0x00000000f3380000,0x00000000f3380000,0x00000000f3580000)
 ParOldGen       total 32768K, used 11238K [0x00000000d0a00000, 0x00000000d2a00000, 0x00000000f0380000)
  object space 32768K, 34% used [0x00000000d0a00000,0x00000000d14f9948,0x00000000d2a00000)
 Metaspace       used 17570K, capacity 17722K, committed 18048K, reserved 1064960K
  class space    used 2051K, capacity 2105K, committed 2176K, reserved 1048576K
Event: 6.737 GC heap after
Heap after GC invocations=5 (full 0):
 PSYoungGen      total 51200K, used 2032K [0x00000000f0380000, 0x00000000f7180000, 0x0000000100000000)
  eden space 49152K, 0% used [0x00000000f0380000,0x00000000f0380000,0x00000000f3380000)
  from space 2048K, 99% used [0x00000000f3380000,0x00000000f357c0b0,0x00000000f3580000)
  to   space 7168K, 0% used [0x00000000f6a80000,0x00000000f6a80000,0x00000000f7180000)
 ParOldGen       total 32768K, used 14846K [0x00000000d0a00000, 0x00000000d2a00000, 0x00000000f0380000)
  object space 32768K, 45% used [0x00000000d0a00000,0x00000000d187fb78,0x00000000d2a00000)
 Metaspace       used 17570K, capacity 17722K, committed 18048K, reserved 1064960K
  class space    used 2051K, capacity 2105K, committed 2176K, reserved 1048576K
}
Event: 7.182 GC heap before
{Heap before GC invocations=6 (full 0):
 PSYoungGen      total 51200K, used 48329K [0x00000000f0380000, 0x00000000f7180000, 0x0000000100000000)
  eden space 49152K, 94% used [0x00000000f0380000,0x00000000f30b64c0,0x00000000f3380000)
  from space 2048K, 99% used [0x00000000f3380000,0x00000000f357c0b0,0x00000000f3580000)
  to   space 7168K, 0% used [0x00000000f6a80000,0x00000000f6a80000,0x00000000f7180000)
 ParOldGen       total 32768K, used 14846K [0x00000000d0a00000, 0x00000000d2a00000, 0x00000000f0380000)
  object space 32768K, 45% used [0x00000000d0a00000,0x00000000d187fb78,0x00000000d2a00000)
 Metaspace       used 17582K, capacity 17722K, committed 18048K, reserved 1064960K
  class space    used 2051K, capacity 2105K, committed 2176K, reserved 1048576K
Event: 7.230 GC heap after
Heap after GC invocations=6 (full 0):
 PSYoungGen      total 104448K, used 7152K [0x00000000f0380000, 0x00000000f7380000, 0x0000000100000000)
  eden space 97280K, 0% used [0x00000000f0380000,0x00000000f0380000,0x00000000f6280000)
  from space 7168K, 99% used [0x00000000f6a80000,0x00000000f717c080,0x00000000f7180000)
  to   space 8192K, 0% used [0x00000000f6280000,0x00000000f6280000,0x00000000f6a80000)
 ParOldGen       total 32768K, used 15342K [0x00000000d0a00000, 0x00000000d2a00000, 0x00000000f0380000)
  object space 32768K, 46% used [0x00000000d0a00000,0x00000000d18fbb78,0x00000000d2a00000)
 Metaspace       used 17582K, capacity 17722K, committed 18048K, reserved 1064960K
  class space    used 2051K, capacity 2105K, committed 2176K, reserved 1048576K
}
Event: 8.107 GC heap before
{Heap before GC invocations=7 (full 0):
 PSYoungGen      total 104448K, used 104432K [0x00000000f0380000, 0x00000000f7380000, 0x0000000100000000)
  eden space 97280K, 100% used [0x00000000f0380000,0x00000000f6280000,0x00000000f6280000)
  from space 7168K, 99% used [0x00000000f6a80000,0x00000000f717c080,0x00000000f7180000)
  to   space 8192K, 0% used [0x00000000f6280000,0x00000000f6280000,0x00000000f6a80000)
 ParOldGen       total 32768K, used 15342K [0x00000000d0a00000, 0x00000000d2a00000, 0x00000000f0380000)
  object space 32768K, 46% used [0x00000000d0a00000,0x00000000d18fbb78,0x00000000d2a00000)
 Metaspace       used 18268K, capacity 18458K, committed 18944K, reserved 1067008K
  class space    used 2133K, capacity 2201K, committed 2304K, reserved 1048576K
Event: 8.192 GC heap after
Heap after GC invocations=7 (full 0):
 PSYoungGen      total 105472K, used 8163K [0x00000000f0380000, 0x00000000fe180000, 0x0000000100000000)
  eden space 97280K, 0% used [0x00000000f0380000,0x00000000f0380000,0x00000000f6280000)
  from space 8192K, 99% used [0x00000000f6280000,0x00000000f6a78e80,0x00000000f6a80000)
  to   space 16384K, 0% used [0x00000000fd180000,0x00000000fd180000,0x00000000fe180000)
 ParOldGen       total 32768K, used 28875K [0x00000000d0a00000, 0x00000000d2a00000, 0x00000000f0380000)
  object space 32768K, 88% used [0x00000000d0a00000,0x00000000d2632d00,0x00000000d2a00000)
 Metaspace       used 18268K, capacity 18458K, committed 18944K, reserved 1067008K
  class space    used 2133K, capacity 2201K, committed 2304K, reserved 1048576K
}
Event: 8.192 GC heap before
{Heap before GC invocations=8 (full 1):
 PSYoungGen      total 105472K, used 8163K [0x00000000f0380000, 0x00000000fe180000, 0x0000000100000000)
  eden space 97280K, 0% used [0x00000000f0380000,0x00000000f0380000,0x00000000f6280000)
  from space 8192K, 99% used [0x00000000f6280000,0x00000000f6a78e80,0x00000000f6a80000)
  to   space 16384K, 0% used [0x00000000fd180000,0x00000000fd180000,0x00000000fe180000)
 ParOldGen       total 32768K, used 28875K [0x00000000d0a00000, 0x00000000d2a00000, 0x00000000f0380000)
  object space 32768K, 88% used [0x00000000d0a00000,0x00000000d2632d00,0x00000000d2a00000)
 Metaspace       used 18268K, capacity 18458K, committed 18944K, reserved 1067008K
  class space    used 2133K, capacity 2201K, committed 2304K, reserved 1048576K
Event: 8.441 GC heap after
Heap after GC invocations=8 (full 1):
 PSYoungGen      total 105472K, used 0K [0x00000000f0380000, 0x00000000fe180000, 0x0000000100000000)
  eden space 97280K, 0% used [0x00000000f0380000,0x00000000f0380000,0x00000000f6280000)
  from space 8192K, 0% used [0x00000000f6280000,0x00000000f6280000,0x00000000f6a80000)
  to   space 16384K, 0% used [0x00000000fd180000,0x00000000fd180000,0x00000000fe180000)
 ParOldGen       total 53760K, used 26494K [0x00000000d0a00000, 0x00000000d3e80000, 0x00000000f0380000)
  object space 53760K, 49% used [0x00000000d0a00000,0x00000000d23df8e8,0x00000000d3e80000)
 Metaspace       used 18266K, capacity 18456K, committed 18944K, reserved 1067008K
  class space    used 2132K, capacity 2200K, committed 2304K, reserved 1048576K
}
Event: 8.745 GC heap before
{Heap before GC invocations=9 (full 1):
 PSYoungGen      total 105472K, used 97280K [0x00000000f0380000, 0x00000000fe180000, 0x0000000100000000)
  eden space 97280K, 100% used [0x00000000f0380000,0x00000000f6280000,0x00000000f6280000)
  from space 8192K, 0% used [0x00000000f6280000,0x00000000f6280000,0x00000000f6a80000)
  to   space 16384K, 0% used [0x00000000fd180000,0x00000000fd180000,0x00000000fe180000)
 ParOldGen       total 53760K, used 26494K [0x00000000d0a00000, 0x00000000d3e80000, 0x00000000f0380000)
  object space 53760K, 49% used [0x00000000d0a00000,0x00000000d23df8e8,0x00000000d3e80000)
 Metaspace       used 18267K, capacity 18456K, committed 18944K, reserved 1067008K
  class space    used 2132K, capacity 2200K, committed 2304K, reserved 1048576K
Event: 8.800 GC heap after
Heap after GC invocations=9 (full 1):
 PSYoungGen      total 173568K, used 10089K [0x00000000f0380000, 0x00000000fdb80000, 0x0000000100000000)
  eden space 163328K, 0% used [0x00000000f0380000,0x00000000f0380000,0x00000000fa300000)
  from space 10240K, 98% used [0x00000000fd180000,0x00000000fdb5a500,0x00000000fdb80000)
  to   space 16384K, 0% used [0x00000000fbb80000,0x00000000fbb80000,0x00000000fcb80000)
 ParOldGen       total 53760K, used 26502K [0x00000000d0a00000, 0x00000000d3e80000, 0x00000000f0380000)
  object space 53760K, 49% used [0x00000000d0a00000,0x00000000d23e18e8,0x00000000d3e80000)
 Metaspace       used 18267K, capacity 18456K, committed 18944K, reserved 1067008K
  class space    used 2132K, capacity 2200K, committed 2304K, reserved 1048576K
}

