# JRE version: Java(TM) SE Runtime Environment (8.0_25-b17) (build 1.8.0_25-b17)
# Java VM: Java HotSpot(TM) 64-Bit Server VM (25.25-b02 mixed mode linux-amd64 compressed oops)
Heap:
 PSYoungGen      total 105472K, used 7864K [0x00000000f0380000, 0x00000000fd080000, 0x0000000100000000)
  eden space 98304K, 8% used [0x00000000f0380000,0x00000000f0b2e2c8,0x00000000f6380000)
  from space 7168K, 0% used [0x00000000f6380000,0x00000000f6380000,0x00000000f6a80000)
  to   space 6656K, 0% used [0x00000000fca00000,0x00000000fca00000,0x00000000fd080000)
 ParOldGen       total 29696K, used 8644K [0x00000000d0a00000, 0x00000000d2700000, 0x00000000f0380000)
  object space 29696K, 29% used [0x00000000d0a00000,0x00000000d1271038,0x00000000d2700000)
 Metaspace       used 21301K, capacity 21550K, committed 21760K, reserved 1069056K
  class space    used 2462K, capacity 2535K, committed 2560K, reserved 1048576K
GC Heap History (10 events):
Event: 4.633 GC heap before
{Heap before GC invocations=4 (full 0):
 PSYoungGen      total 26624K, used 26608K [0x00000000f0380000, 0x00000000f3780000, 0x0000000100000000)
  eden space 24576K, 100% used [0x00000000f0380000,0x00000000f1b80000,0x00000000f1b80000)
  from space 2048K, 99% used [0x00000000f1b80000,0x00000000f1d7c080,0x00000000f1d80000)
  to   space 2048K, 0% used [0x00000000f3580000,0x00000000f3580000,0x00000000f3780000)
 ParOldGen       total 32768K, used 8834K [0x00000000d0a00000, 0x00000000d2a00000, 0x00000000f0380000)
  object space 32768K, 26% used [0x00000000d0a00000,0x00000000d12a0b00,0x00000000d2a00000)
 Metaspace       used 16844K, capacity 17060K, committed 17408K, reserved 1064960K
  class space    used 1960K, capacity 2022K, committed 2048K, reserved 1048576K
Event: 4.663 GC heap after
Heap after GC invocations=4 (full 0):
 PSYoungGen      total 51200K, used 2022K [0x00000000f0380000, 0x00000000f3780000, 0x0000000100000000)
  eden space 49152K, 0% used [0x00000000f0380000,0x00000000f0380000,0x00000000f3380000)
  from space 2048K, 98% used [0x00000000f3580000,0x00000000f3779a18,0x00000000f3780000)
  to   space 2048K, 0% used [0x00000000f3380000,0x00000000f3380000,0x00000000f3580000)
 ParOldGen       total 32768K, used 10202K [0x00000000d0a00000, 0x00000000d2a00000, 0x00000000f0380000)
  object space 32768K, 31% used [0x00000000d0a00000,0x00000000d13f6b38,0x00000000d2a00000)
 Metaspace       used 16844K, capacity 17060K, committed 17408K, reserved 1064960K
  class space    used 1960K, capacity 2022K, committed 2048K, reserved 1048576K
}
Event: 7.365 GC heap before
{Heap before GC invocations=5 (full 0):
 PSYoungGen      total 51200K, used 51174K [0x00000000f0380000, 0x00000000f3780000, 0x0000000100000000)
  eden space 49152K, 100% used [0x00000000f0380000,0x00000000f3380000,0x00000000f3380000)
  from space 2048K, 98% used [0x00000000f3580000,0x00000000f3779a18,0x00000000f3780000)
  to   space 2048K, 0% used [0x00000000f3380000,0x00000000f3380000,0x00000000f3580000)
 ParOldGen       total 32768K, used 10202K [0x00000000d0a00000, 0x00000000d2a00000, 0x00000000f0380000)
  object space 32768K, 31% used [0x00000000d0a00000,0x00000000d13f6b38,0x00000000d2a00000)
 Metaspace       used 18847K, capacity 19050K, committed 19456K, reserved 1067008K
  class space    used 2170K, capacity 2215K, committed 2304K, reserved 1048576K
Event: 7.381 GC heap after
Heap after GC invocations=5 (full 0):
 PSYoungGen      total 51200K, used 2035K [0x00000000f0380000, 0x00000000f7180000, 0x0000000100000000)
  eden space 49152K, 0% used [0x00000000f0380000,0x00000000f0380000,0x00000000f3380000)
  from space 2048K, 99% used [0x00000000f3380000,0x00000000f357cd08,0x00000000f3580000)
  to   space 7168K, 0% used [0x00000000f6a80000,0x00000000f6a80000,0x00000000f7180000)
 ParOldGen       total 32768K, used 12006K [0x00000000d0a00000, 0x00000000d2a00000, 0x00000000f0380000)
  object space 32768K, 36% used [0x00000000d0a00000,0x00000000d15b99d8,0x00000000d2a00000)
 Metaspace       used 18847K, capacity 19050K, committed 19456K, reserved 1067008K
  class space    used 2170K, capacity 2215K, committed 2304K, reserved 1048576K
}
Event: 15.529 GC heap before
{Heap before GC invocations=6 (full 0):
 PSYoungGen      total 51200K, used 51187K [0x00000000f0380000, 0x00000000f7180000, 0x0000000100000000)
  eden space 49152K, 100% used [0x00000000f0380000,0x00000000f3380000,0x00000000f3380000)
  from space 2048K, 99% used [0x00000000f3380000,0x00000000f357cd08,0x00000000f3580000)
  to   space 7168K, 0% used [0x00000000f6a80000,0x00000000f6a80000,0x00000000f7180000)
 ParOldGen       total 32768K, used 12006K [0x00000000d0a00000, 0x00000000d2a00000, 0x00000000f0380000)
  object space 32768K, 36% used [0x00000000d0a00000,0x00000000d15b99d8,0x00000000d2a00000)
 Metaspace       used 19233K, capacity 19402K, committed 19712K, reserved 1067008K
  class space    used 2203K, capacity 2247K, committed 2304K, reserved 1048576K
Event: 15.557 GC heap after
Heap after GC invocations=6 (full 0):
 PSYoungGen      total 105472K, used 3247K [0x00000000f0380000, 0x00000000f7180000, 0x0000000100000000)
  eden space 98304K, 0% used [0x00000000f0380000,0x00000000f0380000,0x00000000f6380000)
  from space 7168K, 45% used [0x00000000f6a80000,0x00000000f6dabe60,0x00000000f7180000)
  to   space 7168K, 0% used [0x00000000f6380000,0x00000000f6380000,0x00000000f6a80000)
 ParOldGen       total 32768K, used 12006K [0x00000000d0a00000, 0x00000000d2a00000, 0x00000000f0380000)
  object space 32768K, 36% used [0x00000000d0a00000,0x00000000d15b99d8,0x00000000d2a00000)
 Metaspace       used 19233K, capacity 19402K, committed 19712K, reserved 1067008K
  class space    used 2203K, capacity 2247K, committed 2304K, reserved 1048576K
}
Event: 16.788 GC heap before
{Heap before GC invocations=7 (full 0):
 PSYoungGen      total 105472K, used 28635K [0x00000000f0380000, 0x00000000f7180000, 0x0000000100000000)
  eden space 98304K, 25% used [0x00000000f0380000,0x00000000f1c4afd8,0x00000000f6380000)
  from space 7168K, 45% used [0x00000000f6a80000,0x00000000f6dabe60,0x00000000f7180000)
  to   space 7168K, 0% used [0x00000000f6380000,0x00000000f6380000,0x00000000f6a80000)
 ParOldGen       total 32768K, used 12006K [0x00000000d0a00000, 0x00000000d2a00000, 0x00000000f0380000)
  object space 32768K, 36% used [0x00000000d0a00000,0x00000000d15b99d8,0x00000000d2a00000)
 Metaspace       used 20870K, capacity 21034K, committed 21248K, reserved 1069056K
  class space    used 2404K, capacity 2471K, committed 2560K, reserved 1048576K
Event: 16.808 GC heap after
Heap after GC invocations=7 (full 0):
 PSYoungGen      total 105472K, used 4369K [0x00000000f0380000, 0x00000000fd080000, 0x0000000100000000)
  eden space 98304K, 0% used [0x00000000f0380000,0x00000000f0380000,0x00000000f6380000)
  from space 7168K, 60% used [0x00000000f6380000,0x00000000f67c47a0,0x00000000f6a80000)
  to   space 6656K, 0% used [0x00000000fca00000,0x00000000fca00000,0x00000000fd080000)
 ParOldGen       total 32768K, used 12398K [0x00000000d0a00000, 0x00000000d2a00000, 0x00000000f0380000)
  object space 32768K, 37% used [0x00000000d0a00000,0x00000000d161ba28,0x00000000d2a00000)
 Metaspace       used 20870K, capacity 21034K, committed 21248K, reserved 1069056K
  class space    used 2404K, capacity 2471K, committed 2560K, reserved 1048576K
}
Event: 16.808 GC heap before
{Heap before GC invocations=8 (full 1):
 PSYoungGen      total 105472K, used 4369K [0x00000000f0380000, 0x00000000fd080000, 0x0000000100000000)
  eden space 98304K, 0% used [0x00000000f0380000,0x00000000f0380000,0x00000000f6380000)
  from space 7168K, 60% used [0x00000000f6380000,0x00000000f67c47a0,0x00000000f6a80000)
  to   space 6656K, 0% used [0x00000000fca00000,0x00000000fca00000,0x00000000fd080000)
 ParOldGen       total 32768K, used 12398K [0x00000000d0a00000, 0x00000000d2a00000, 0x00000000f0380000)
  object space 32768K, 37% used [0x00000000d0a00000,0x00000000d161ba28,0x00000000d2a00000)
 Metaspace       used 20870K, capacity 21034K, committed 21248K, reserved 1069056K
  class space    used 2404K, capacity 2471K, committed 2560K, reserved 1048576K
Event: 16.892 GC heap after
Heap after GC invocations=8 (full 1):
 PSYoungGen      total 105472K, used 0K [0x00000000f0380000, 0x00000000fd080000, 0x0000000100000000)
  eden space 98304K, 0% used [0x00000000f0380000,0x00000000f0380000,0x00000000f6380000)
  from space 7168K, 0% used [0x00000000f6380000,0x00000000f6380000,0x00000000f6a80000)
  to   space 6656K, 0% used [0x00000000fca00000,0x00000000fca00000,0x00000000fd080000)
 ParOldGen       total 29696K, used 8644K [0x00000000d0a00000, 0x00000000d2700000, 0x00000000f0380000)
  object space 29696K, 29% used [0x00000000d0a00000,0x00000000d1271038,0x00000000d2700000)
 Metaspace       used 20869K, capacity 21032K, committed 21248K, reserved 1069056K
  class space    used 2403K, capacity 2470K, committed 2560K, reserved 1048576K
}

