# JRE version: Java(TM) SE Runtime Environment (8.0_25-b17) (build 1.8.0_25-b17)
# Java VM: Java HotSpot(TM) 64-Bit Server VM (25.25-b02 mixed mode linux-amd64 compressed oops)
Heap:
 PSYoungGen      total 161792K, used 7286K [0x00000000f0380000, 0x00000000fee00000, 0x0000000100000000)
  eden space 144896K, 3% used [0x00000000f0380000,0x00000000f08a0b00,0x00000000f9100000)
  from space 16896K, 12% used [0x00000000f9100000,0x00000000f92fcd98,0x00000000fa180000)
  to   space 17408K, 0% used [0x00000000fdd00000,0x00000000fdd00000,0x00000000fee00000)
 ParOldGen       total 54272K, used 40046K [0x00000000d0a00000, 0x00000000d3f00000, 0x00000000f0380000)
  object space 54272K, 73% used [0x00000000d0a00000,0x00000000d311bb90,0x00000000d3f00000)
 Metaspace       used 20375K, capacity 20584K, committed 20864K, reserved 1067008K
  class space    used 2288K, capacity 2368K, committed 2432K, reserved 1048576K
GC Heap History (10 events):
Event: 9.689 GC heap before
{Heap before GC invocations=8 (full 0):
 PSYoungGen      total 54784K, used 54756K [0x00000000f0380000, 0x00000000f7580000, 0x0000000100000000)
  eden space 49152K, 100% used [0x00000000f0380000,0x00000000f3380000,0x00000000f3380000)
  from space 5632K, 99% used [0x00000000f3380000,0x00000000f38f9278,0x00000000f3900000)
  to   space 9216K, 0% used [0x00000000f6c80000,0x00000000f6c80000,0x00000000f7580000)
 ParOldGen       total 32768K, used 19741K [0x00000000d0a00000, 0x00000000d2a00000, 0x00000000f0380000)
  object space 32768K, 60% used [0x00000000d0a00000,0x00000000d1d47710,0x00000000d2a00000)
 Metaspace       used 17041K, capacity 17208K, committed 17408K, reserved 1064960K
  class space    used 1987K, capacity 2040K, committed 2048K, reserved 1048576K
Event: 9.823 GC heap after
Heap after GC invocations=8 (full 0):
 PSYoungGen      total 103936K, used 9203K [0x00000000f0380000, 0x00000000f7c80000, 0x0000000100000000)
  eden space 94720K, 0% used [0x00000000f0380000,0x00000000f0380000,0x00000000f6000000)
  from space 9216K, 99% used [0x00000000f6c80000,0x00000000f757ce10,0x00000000f7580000)
  to   space 12800K, 0% used [0x00000000f6000000,0x00000000f6000000,0x00000000f6c80000)
 ParOldGen       total 32768K, used 24785K [0x00000000d0a00000, 0x00000000d2a00000, 0x00000000f0380000)
  object space 32768K, 75% used [0x00000000d0a00000,0x00000000d2234580,0x00000000d2a00000)
 Metaspace       used 17041K, capacity 17208K, committed 17408K, reserved 1064960K
  class space    used 1987K, capacity 2040K, committed 2048K, reserved 1048576K
}
Event: 10.225 GC heap before
{Heap before GC invocations=9 (full 0):
 PSYoungGen      total 103936K, used 103923K [0x00000000f0380000, 0x00000000f7c80000, 0x0000000100000000)
  eden space 94720K, 100% used [0x00000000f0380000,0x00000000f6000000,0x00000000f6000000)
  from space 9216K, 99% used [0x00000000f6c80000,0x00000000f757ce10,0x00000000f7580000)
  to   space 12800K, 0% used [0x00000000f6000000,0x00000000f6000000,0x00000000f6c80000)
 ParOldGen       total 32768K, used 24785K [0x00000000d0a00000, 0x00000000d2a00000, 0x00000000f0380000)
  object space 32768K, 75% used [0x00000000d0a00000,0x00000000d2234580,0x00000000d2a00000)
 Metaspace       used 17042K, capacity 17208K, committed 17408K, reserved 1064960K
  class space    used 1987K, capacity 2040K, committed 2048K, reserved 1048576K
Event: 10.294 GC heap after
Heap after GC invocations=9 (full 0):
 PSYoungGen      total 107520K, used 12799K [0x00000000f0380000, 0x00000000fba80000, 0x0000000100000000)
  eden space 94720K, 0% used [0x00000000f0380000,0x00000000f0380000,0x00000000f6000000)
  from space 12800K, 99% used [0x00000000f6000000,0x00000000f6c7fe90,0x00000000f6c80000)
  to   space 17920K, 0% used [0x00000000fa900000,0x00000000fa900000,0x00000000fba80000)
 ParOldGen       total 32768K, used 32410K [0x00000000d0a00000, 0x00000000d2a00000, 0x00000000f0380000)
  object space 32768K, 98% used [0x00000000d0a00000,0x00000000d29a6920,0x00000000d2a00000)
 Metaspace       used 17042K, capacity 17208K, committed 17408K, reserved 1064960K
  class space    used 1987K, capacity 2040K, committed 2048K, reserved 1048576K
}
Event: 10.294 GC heap before
{Heap before GC invocations=10 (full 1):
 PSYoungGen      total 107520K, used 12799K [0x00000000f0380000, 0x00000000fba80000, 0x0000000100000000)
  eden space 94720K, 0% used [0x00000000f0380000,0x00000000f0380000,0x00000000f6000000)
  from space 12800K, 99% used [0x00000000f6000000,0x00000000f6c7fe90,0x00000000f6c80000)
  to   space 17920K, 0% used [0x00000000fa900000,0x00000000fa900000,0x00000000fba80000)
 ParOldGen       total 32768K, used 32410K [0x00000000d0a00000, 0x00000000d2a00000, 0x00000000f0380000)
  object space 32768K, 98% used [0x00000000d0a00000,0x00000000d29a6920,0x00000000d2a00000)
 Metaspace       used 17042K, capacity 17208K, committed 17408K, reserved 1064960K
  class space    used 1987K, capacity 2040K, committed 2048K, reserved 1048576K
Event: 10.498 GC heap after
Heap after GC invocations=10 (full 1):
 PSYoungGen      total 107520K, used 0K [0x00000000f0380000, 0x00000000fba80000, 0x0000000100000000)
  eden space 94720K, 0% used [0x00000000f0380000,0x00000000f0380000,0x00000000f6000000)
  from space 12800K, 0% used [0x00000000f6000000,0x00000000f6000000,0x00000000f6c80000)
  to   space 17920K, 0% used [0x00000000fa900000,0x00000000fa900000,0x00000000fba80000)
 ParOldGen       total 54272K, used 32256K [0x00000000d0a00000, 0x00000000d3f00000, 0x00000000f0380000)
  object space 54272K, 59% used [0x00000000d0a00000,0x00000000d2980038,0x00000000d3f00000)
 Metaspace       used 17041K, capacity 17206K, committed 17408K, reserved 1064960K
  class space    used 1986K, capacity 2039K, committed 2048K, reserved 1048576K
}
Event: 18.840 GC heap before
{Heap before GC invocations=11 (full 1):
 PSYoungGen      total 107520K, used 94720K [0x00000000f0380000, 0x00000000fba80000, 0x0000000100000000)
  eden space 94720K, 100% used [0x00000000f0380000,0x00000000f6000000,0x00000000f6000000)
  from space 12800K, 0% used [0x00000000f6000000,0x00000000f6000000,0x00000000f6c80000)
  to   space 17920K, 0% used [0x00000000fa900000,0x00000000fa900000,0x00000000fba80000)
 ParOldGen       total 54272K, used 32256K [0x00000000d0a00000, 0x00000000d3f00000, 0x00000000f0380000)
  object space 54272K, 59% used [0x00000000d0a00000,0x00000000d2980038,0x00000000d3f00000)
 Metaspace       used 19469K, capacity 19688K, committed 19968K, reserved 1067008K
  class space    used 2248K, capacity 2304K, committed 2304K, reserved 1048576K
Event: 18.880 GC heap after
Heap after GC invocations=11 (full 1):
 PSYoungGen      total 150016K, used 8900K [0x00000000f0380000, 0x00000000fb200000, 0x0000000100000000)
  eden space 140800K, 0% used [0x00000000f0380000,0x00000000f0380000,0x00000000f8d00000)
  from space 9216K, 96% used [0x00000000fa900000,0x00000000fb1b1178,0x00000000fb200000)
  to   space 16896K, 0% used [0x00000000f9100000,0x00000000f9100000,0x00000000fa180000)
 ParOldGen       total 54272K, used 32264K [0x00000000d0a00000, 0x00000000d3f00000, 0x00000000f0380000)
  object space 54272K, 59% used [0x00000000d0a00000,0x00000000d2982038,0x00000000d3f00000)
 Metaspace       used 19469K, capacity 19688K, committed 19968K, reserved 1067008K
  class space    used 2248K, capacity 2304K, committed 2304K, reserved 1048576K
}
Event: 295.431 GC heap before
{Heap before GC invocations=12 (full 1):
 PSYoungGen      total 150016K, used 149700K [0x00000000f0380000, 0x00000000fb200000, 0x0000000100000000)
  eden space 140800K, 100% used [0x00000000f0380000,0x00000000f8d00000,0x00000000f8d00000)
  from space 9216K, 96% used [0x00000000fa900000,0x00000000fb1b1178,0x00000000fb200000)
  to   space 16896K, 0% used [0x00000000f9100000,0x00000000f9100000,0x00000000fa180000)
 ParOldGen       total 54272K, used 32264K [0x00000000d0a00000, 0x00000000d3f00000, 0x00000000f0380000)
  object space 54272K, 59% used [0x00000000d0a00000,0x00000000d2982038,0x00000000d3f00000)
 Metaspace       used 20375K, capacity 20584K, committed 20864K, reserved 1067008K
  class space    used 2288K, capacity 2368K, committed 2432K, reserved 1048576K
Event: 295.459 GC heap after
Heap after GC invocations=12 (full 1):
 PSYoungGen      total 161792K, used 2035K [0x00000000f0380000, 0x00000000fee00000, 0x0000000100000000)
  eden space 144896K, 0% used [0x00000000f0380000,0x00000000f0380000,0x00000000f9100000)
  from space 16896K, 12% used [0x00000000f9100000,0x00000000f92fcd98,0x00000000fa180000)
  to   space 17408K, 0% used [0x00000000fdd00000,0x00000000fdd00000,0x00000000fee00000)
 ParOldGen       total 54272K, used 40046K [0x00000000d0a00000, 0x00000000d3f00000, 0x00000000f0380000)
  object space 54272K, 73% used [0x00000000d0a00000,0x00000000d311bb90,0x00000000d3f00000)
 Metaspace       used 20375K, capacity 20584K, committed 20864K, reserved 1067008K
  class space    used 2288K, capacity 2368K, committed 2432K, reserved 1048576K
}

