# JRE version: Java(TM) SE Runtime Environment (8.0_25-b17) (build 1.8.0_25-b17)
# Java VM: Java HotSpot(TM) 64-Bit Server VM (25.25-b02 mixed mode linux-amd64 compressed oops)
Heap:
 PSYoungGen      total 205312K, used 175948K [0x00000000f0380000, 0x0000000100000000, 0x0000000100000000)
  eden space 187392K, 93% used [0x00000000f0380000,0x00000000faed7eb0,0x00000000fba80000)
  from space 17920K, 2% used [0x00000000fba80000,0x00000000fbafb4a8,0x00000000fcc00000)
  to   space 26112K, 0% used [0x00000000fe680000,0x00000000fe680000,0x0000000100000000)
 ParOldGen       total 91136K, used 53040K [0x00000000d0a00000, 0x00000000d6300000, 0x00000000f0380000)
  object space 91136K, 58% used [0x00000000d0a00000,0x00000000d3dcc128,0x00000000d6300000)
 Metaspace       used 21911K, capacity 22188K, committed 22400K, reserved 1069056K
  class space    used 2480K, capacity 2574K, committed 2688K, reserved 1048576K
GC Heap History (10 events):
Event: 7.110 GC heap before
{Heap before GC invocations=7 (full 0):
 PSYoungGen      total 105472K, used 105058K [0x00000000f0380000, 0x00000000f7580000, 0x0000000100000000)
  eden space 97280K, 100% used [0x00000000f0380000,0x00000000f6280000,0x00000000f6280000)
  from space 8192K, 94% used [0x00000000f6b80000,0x00000000f7318aa8,0x00000000f7380000)
  to   space 9216K, 0% used [0x00000000f6280000,0x00000000f6280000,0x00000000f6b80000)
 ParOldGen       total 32768K, used 14083K [0x00000000d0a00000, 0x00000000d2a00000, 0x00000000f0380000)
  object space 32768K, 42% used [0x00000000d0a00000,0x00000000d17c0c78,0x00000000d2a00000)
 Metaspace       used 19402K, capacity 19548K, committed 19840K, reserved 1067008K
  class space    used 2259K, capacity 2332K, committed 2432K, reserved 1048576K
Event: 7.148 GC heap after
Heap after GC invocations=7 (full 0):
 PSYoungGen      total 106496K, used 9194K [0x00000000f0380000, 0x00000000fe380000, 0x0000000100000000)
  eden space 97280K, 0% used [0x00000000f0380000,0x00000000f0380000,0x00000000f6280000)
  from space 9216K, 99% used [0x00000000f6280000,0x00000000f6b7aa40,0x00000000f6b80000)
  to   space 17408K, 0% used [0x00000000fd280000,0x00000000fd280000,0x00000000fe380000)
 ParOldGen       total 32768K, used 27534K [0x00000000d0a00000, 0x00000000d2a00000, 0x00000000f0380000)
  object space 32768K, 84% used [0x00000000d0a00000,0x00000000d24e3a98,0x00000000d2a00000)
 Metaspace       used 19402K, capacity 19548K, committed 19840K, reserved 1067008K
  class space    used 2259K, capacity 2332K, committed 2432K, reserved 1048576K
}
Event: 7.148 GC heap before
{Heap before GC invocations=8 (full 1):
 PSYoungGen      total 106496K, used 9194K [0x00000000f0380000, 0x00000000fe380000, 0x0000000100000000)
  eden space 97280K, 0% used [0x00000000f0380000,0x00000000f0380000,0x00000000f6280000)
  from space 9216K, 99% used [0x00000000f6280000,0x00000000f6b7aa40,0x00000000f6b80000)
  to   space 17408K, 0% used [0x00000000fd280000,0x00000000fd280000,0x00000000fe380000)
 ParOldGen       total 32768K, used 27534K [0x00000000d0a00000, 0x00000000d2a00000, 0x00000000f0380000)
  object space 32768K, 84% used [0x00000000d0a00000,0x00000000d24e3a98,0x00000000d2a00000)
 Metaspace       used 19402K, capacity 19548K, committed 19840K, reserved 1067008K
  class space    used 2259K, capacity 2332K, committed 2432K, reserved 1048576K
Event: 7.281 GC heap after
Heap after GC invocations=8 (full 1):
 PSYoungGen      total 106496K, used 0K [0x00000000f0380000, 0x00000000fe380000, 0x0000000100000000)
  eden space 97280K, 0% used [0x00000000f0380000,0x00000000f0380000,0x00000000f6280000)
  from space 9216K, 0% used [0x00000000f6280000,0x00000000f6280000,0x00000000f6b80000)
  to   space 17408K, 0% used [0x00000000fd280000,0x00000000fd280000,0x00000000fe380000)
 ParOldGen       total 53248K, used 27274K [0x00000000d0a00000, 0x00000000d3e00000, 0x00000000f0380000)
  object space 53248K, 51% used [0x00000000d0a00000,0x00000000d24a29a0,0x00000000d3e00000)
 Metaspace       used 19400K, capacity 19546K, committed 19840K, reserved 1067008K
  class space    used 2258K, capacity 2331K, committed 2432K, reserved 1048576K
}
Event: 7.600 GC heap before
{Heap before GC invocations=9 (full 1):
 PSYoungGen      total 106496K, used 97280K [0x00000000f0380000, 0x00000000fe380000, 0x0000000100000000)
  eden space 97280K, 100% used [0x00000000f0380000,0x00000000f6280000,0x00000000f6280000)
  from space 9216K, 0% used [0x00000000f6280000,0x00000000f6280000,0x00000000f6b80000)
  to   space 17408K, 0% used [0x00000000fd280000,0x00000000fd280000,0x00000000fe380000)
 ParOldGen       total 53248K, used 27274K [0x00000000d0a00000, 0x00000000d3e00000, 0x00000000f0380000)
  object space 53248K, 51% used [0x00000000d0a00000,0x00000000d24a29a0,0x00000000d3e00000)
 Metaspace       used 19439K, capacity 19610K, committed 19840K, reserved 1067008K
  class space    used 2263K, capacity 2331K, committed 2432K, reserved 1048576K
Event: 7.631 GC heap after
Heap after GC invocations=9 (full 1):
 PSYoungGen      total 182272K, used 10980K [0x00000000f0380000, 0x00000000fdd80000, 0x0000000100000000)
  eden space 171008K, 0% used [0x00000000f0380000,0x00000000f0380000,0x00000000faa80000)
  from space 11264K, 97% used [0x00000000fd280000,0x00000000fdd39278,0x00000000fdd80000)
  to   space 17920K, 0% used [0x00000000fba80000,0x00000000fba80000,0x00000000fcc00000)
 ParOldGen       total 53248K, used 27274K [0x00000000d0a00000, 0x00000000d3e00000, 0x00000000f0380000)
  object space 53248K, 51% used [0x00000000d0a00000,0x00000000d24a29a0,0x00000000d3e00000)
 Metaspace       used 19439K, capacity 19610K, committed 19840K, reserved 1067008K
  class space    used 2263K, capacity 2331K, committed 2432K, reserved 1048576K
}
Event: 8.039 GC heap before
{Heap before GC invocations=10 (full 1):
 PSYoungGen      total 182272K, used 181988K [0x00000000f0380000, 0x00000000fdd80000, 0x0000000100000000)
  eden space 171008K, 100% used [0x00000000f0380000,0x00000000faa80000,0x00000000faa80000)
  from space 11264K, 97% used [0x00000000fd280000,0x00000000fdd39278,0x00000000fdd80000)
  to   space 17920K, 0% used [0x00000000fba80000,0x00000000fba80000,0x00000000fcc00000)
 ParOldGen       total 53248K, used 27274K [0x00000000d0a00000, 0x00000000d3e00000, 0x00000000f0380000)
  object space 53248K, 51% used [0x00000000d0a00000,0x00000000d24a29a0,0x00000000d3e00000)
 Metaspace       used 19439K, capacity 19610K, committed 19840K, reserved 1067008K
  class space    used 2263K, capacity 2331K, committed 2432K, reserved 1048576K
Event: 8.079 GC heap after
Heap after GC invocations=10 (full 1):
 PSYoungGen      total 205312K, used 17906K [0x00000000f0380000, 0x0000000100000000, 0x0000000100000000)
  eden space 187392K, 0% used [0x00000000f0380000,0x00000000f0380000,0x00000000fba80000)
  from space 17920K, 99% used [0x00000000fba80000,0x00000000fcbfc970,0x00000000fcc00000)
  to   space 26112K, 0% used [0x00000000fe680000,0x00000000fe680000,0x0000000100000000)
 ParOldGen       total 53248K, used 41263K [0x00000000d0a00000, 0x00000000d3e00000, 0x00000000f0380000)
  object space 53248K, 77% used [0x00000000d0a00000,0x00000000d324bdc8,0x00000000d3e00000)
 Metaspace       used 19439K, capacity 19610K, committed 19840K, reserved 1067008K
  class space    used 2263K, capacity 2331K, committed 2432K, reserved 1048576K
}
Event: 8.079 GC heap before
{Heap before GC invocations=11 (full 2):
 PSYoungGen      total 205312K, used 17906K [0x00000000f0380000, 0x0000000100000000, 0x0000000100000000)
  eden space 187392K, 0% used [0x00000000f0380000,0x00000000f0380000,0x00000000fba80000)
  from space 17920K, 99% used [0x00000000fba80000,0x00000000fcbfc970,0x00000000fcc00000)
  to   space 26112K, 0% used [0x00000000fe680000,0x00000000fe680000,0x0000000100000000)
 ParOldGen       total 53248K, used 41263K [0x00000000d0a00000, 0x00000000d3e00000, 0x00000000f0380000)
  object space 53248K, 77% used [0x00000000d0a00000,0x00000000d324bdc8,0x00000000d3e00000)
 Metaspace       used 19439K, capacity 19610K, committed 19840K, reserved 1067008K
  class space    used 2263K, capacity 2331K, committed 2432K, reserved 1048576K
Event: 8.241 GC heap after
Heap after GC invocations=11 (full 2):
 PSYoungGen      total 205312K, used 493K [0x00000000f0380000, 0x0000000100000000, 0x0000000100000000)
  eden space 187392K, 0% used [0x00000000f0380000,0x00000000f0380000,0x00000000fba80000)
  from space 17920K, 2% used [0x00000000fba80000,0x00000000fbafb4a8,0x00000000fcc00000)
  to   space 26112K, 0% used [0x00000000fe680000,0x00000000fe680000,0x0000000100000000)
 ParOldGen       total 91136K, used 53040K [0x00000000d0a00000, 0x00000000d6300000, 0x00000000f0380000)
  object space 91136K, 58% used [0x00000000d0a00000,0x00000000d3dcc128,0x00000000d6300000)
 Metaspace       used 19439K, capacity 19610K, committed 19840K, reserved 1067008K
  class space    used 2263K, capacity 2331K, committed 2432K, reserved 1048576K
}

