# JRE version: Java(TM) SE Runtime Environment (8.0_25-b17) (build 1.8.0_25-b17)
# Java VM: Java HotSpot(TM) 64-Bit Server VM (25.25-b02 mixed mode linux-amd64 compressed oops)
Heap:
 PSYoungGen      total 206336K, used 128114K [0x00000000f0380000, 0x00000000fe380000, 0x0000000100000000)
  eden space 187392K, 66% used [0x00000000f0380000,0x00000000f7cc3750,0x00000000fba80000)
  from space 18944K, 20% used [0x00000000fcc00000,0x00000000fcfd9118,0x00000000fde80000)
  to   space 17920K, 0% used [0x00000000fba80000,0x00000000fba80000,0x00000000fcc00000)
 ParOldGen       total 88064K, used 55625K [0x00000000d0a00000, 0x00000000d6000000, 0x00000000f0380000)
  object space 88064K, 63% used [0x00000000d0a00000,0x00000000d4052410,0x00000000d6000000)
 Metaspace       used 20736K, capacity 20942K, committed 21120K, reserved 1069056K
  class space    used 2340K, capacity 2403K, committed 2432K, reserved 1048576K
GC Heap History (10 events):
Event: 13.106 GC heap before
{Heap before GC invocations=10 (full 1):
 PSYoungGen      total 100352K, used 12799K [0x00000000f0380000, 0x00000000fad80000, 0x0000000100000000)
  eden space 87552K, 0% used [0x00000000f0380000,0x00000000f0380000,0x00000000f5900000)
  from space 12800K, 99% used [0x00000000f5900000,0x00000000f657fe80,0x00000000f6580000)
  to   space 16896K, 0% used [0x00000000f9d00000,0x00000000f9d00000,0x00000000fad80000)
 ParOldGen       total 32768K, used 27726K [0x00000000d0a00000, 0x00000000d2a00000, 0x00000000f0380000)
  object space 32768K, 84% used [0x00000000d0a00000,0x00000000d2513b28,0x00000000d2a00000)
 Metaspace       used 18200K, capacity 18400K, committed 18688K, reserved 1064960K
  class space    used 2125K, capacity 2204K, committed 2304K, reserved 1048576K
Event: 13.476 GC heap after
Heap after GC invocations=10 (full 1):
 PSYoungGen      total 100352K, used 0K [0x00000000f0380000, 0x00000000fad80000, 0x0000000100000000)
  eden space 87552K, 0% used [0x00000000f0380000,0x00000000f0380000,0x00000000f5900000)
  from space 12800K, 0% used [0x00000000f5900000,0x00000000f5900000,0x00000000f6580000)
  to   space 16896K, 0% used [0x00000000f9d00000,0x00000000f9d00000,0x00000000fad80000)
 ParOldGen       total 52224K, used 29476K [0x00000000d0a00000, 0x00000000d3d00000, 0x00000000f0380000)
  object space 52224K, 56% used [0x00000000d0a00000,0x00000000d26c9318,0x00000000d3d00000)
 Metaspace       used 18198K, capacity 18398K, committed 18688K, reserved 1064960K
  class space    used 2125K, capacity 2203K, committed 2304K, reserved 1048576K
}
Event: 13.761 GC heap before
{Heap before GC invocations=11 (full 1):
 PSYoungGen      total 100352K, used 87552K [0x00000000f0380000, 0x00000000fad80000, 0x0000000100000000)
  eden space 87552K, 100% used [0x00000000f0380000,0x00000000f5900000,0x00000000f5900000)
  from space 12800K, 0% used [0x00000000f5900000,0x00000000f5900000,0x00000000f6580000)
  to   space 16896K, 0% used [0x00000000f9d00000,0x00000000f9d00000,0x00000000fad80000)
 ParOldGen       total 52224K, used 29476K [0x00000000d0a00000, 0x00000000d3d00000, 0x00000000f0380000)
  object space 52224K, 56% used [0x00000000d0a00000,0x00000000d26c9318,0x00000000d3d00000)
 Metaspace       used 18198K, capacity 18398K, committed 18688K, reserved 1064960K
  class space    used 2125K, capacity 2203K, committed 2304K, reserved 1048576K
Event: 13.793 GC heap after
Heap after GC invocations=11 (full 1):
 PSYoungGen      total 136192K, used 10230K [0x00000000f0380000, 0x00000000fa700000, 0x0000000100000000)
  eden space 125952K, 0% used [0x00000000f0380000,0x00000000f0380000,0x00000000f7e80000)
  from space 10240K, 99% used [0x00000000f9d00000,0x00000000fa6fdba8,0x00000000fa700000)
  to   space 16896K, 0% used [0x00000000f8600000,0x00000000f8600000,0x00000000f9680000)
 ParOldGen       total 52224K, used 29476K [0x00000000d0a00000, 0x00000000d3d00000, 0x00000000f0380000)
  object space 52224K, 56% used [0x00000000d0a00000,0x00000000d26c9318,0x00000000d3d00000)
 Metaspace       used 18198K, capacity 18398K, committed 18688K, reserved 1064960K
  class space    used 2125K, capacity 2203K, committed 2304K, reserved 1048576K
}
Event: 14.191 GC heap before
{Heap before GC invocations=12 (full 1):
 PSYoungGen      total 136192K, used 136182K [0x00000000f0380000, 0x00000000fa700000, 0x0000000100000000)
  eden space 125952K, 100% used [0x00000000f0380000,0x00000000f7e80000,0x00000000f7e80000)
  from space 10240K, 99% used [0x00000000f9d00000,0x00000000fa6fdba8,0x00000000fa700000)
  to   space 16896K, 0% used [0x00000000f8600000,0x00000000f8600000,0x00000000f9680000)
 ParOldGen       total 52224K, used 29476K [0x00000000d0a00000, 0x00000000d3d00000, 0x00000000f0380000)
  object space 52224K, 56% used [0x00000000d0a00000,0x00000000d26c9318,0x00000000d3d00000)
 Metaspace       used 18200K, capacity 18398K, committed 18688K, reserved 1064960K
  class space    used 2125K, capacity 2203K, committed 2304K, reserved 1048576K
Event: 14.295 GC heap after
Heap after GC invocations=12 (full 1):
 PSYoungGen      total 150528K, used 15186K [0x00000000f0380000, 0x00000000fde80000, 0x0000000100000000)
  eden space 133632K, 0% used [0x00000000f0380000,0x00000000f0380000,0x00000000f8600000)
  from space 16896K, 89% used [0x00000000f8600000,0x00000000f94d4970,0x00000000f9680000)
  to   space 18944K, 0% used [0x00000000fcc00000,0x00000000fcc00000,0x00000000fde80000)
 ParOldGen       total 52224K, used 39956K [0x00000000d0a00000, 0x00000000d3d00000, 0x00000000f0380000)
  object space 52224K, 76% used [0x00000000d0a00000,0x00000000d3105318,0x00000000d3d00000)
 Metaspace       used 18200K, capacity 18398K, committed 18688K, reserved 1064960K
  class space    used 2125K, capacity 2203K, committed 2304K, reserved 1048576K
}
Event: 71.690 GC heap before
{Heap before GC invocations=13 (full 1):
 PSYoungGen      total 150528K, used 148818K [0x00000000f0380000, 0x00000000fde80000, 0x0000000100000000)
  eden space 133632K, 100% used [0x00000000f0380000,0x00000000f8600000,0x00000000f8600000)
  from space 16896K, 89% used [0x00000000f8600000,0x00000000f94d4970,0x00000000f9680000)
  to   space 18944K, 0% used [0x00000000fcc00000,0x00000000fcc00000,0x00000000fde80000)
 ParOldGen       total 52224K, used 39956K [0x00000000d0a00000, 0x00000000d3d00000, 0x00000000f0380000)
  object space 52224K, 76% used [0x00000000d0a00000,0x00000000d3105318,0x00000000d3d00000)
 Metaspace       used 20362K, capacity 20564K, committed 20864K, reserved 1067008K
  class space    used 2336K, capacity 2404K, committed 2432K, reserved 1048576K
Event: 71.810 GC heap after
Heap after GC invocations=13 (full 1):
 PSYoungGen      total 206336K, used 7133K [0x00000000f0380000, 0x00000000fe380000, 0x0000000100000000)
  eden space 187392K, 0% used [0x00000000f0380000,0x00000000f0380000,0x00000000fba80000)
  from space 18944K, 37% used [0x00000000fcc00000,0x00000000fd2f7718,0x00000000fde80000)
  to   space 17920K, 0% used [0x00000000fba80000,0x00000000fba80000,0x00000000fcc00000)
 ParOldGen       total 55808K, used 55644K [0x00000000d0a00000, 0x00000000d4080000, 0x00000000f0380000)
  object space 55808K, 99% used [0x00000000d0a00000,0x00000000d4057008,0x00000000d4080000)
 Metaspace       used 20362K, capacity 20564K, committed 20864K, reserved 1067008K
  class space    used 2336K, capacity 2404K, committed 2432K, reserved 1048576K
}
Event: 71.810 GC heap before
{Heap before GC invocations=14 (full 2):
 PSYoungGen      total 206336K, used 7133K [0x00000000f0380000, 0x00000000fe380000, 0x0000000100000000)
  eden space 187392K, 0% used [0x00000000f0380000,0x00000000f0380000,0x00000000fba80000)
  from space 18944K, 37% used [0x00000000fcc00000,0x00000000fd2f7718,0x00000000fde80000)
  to   space 17920K, 0% used [0x00000000fba80000,0x00000000fba80000,0x00000000fcc00000)
 ParOldGen       total 55808K, used 55644K [0x00000000d0a00000, 0x00000000d4080000, 0x00000000f0380000)
  object space 55808K, 99% used [0x00000000d0a00000,0x00000000d4057008,0x00000000d4080000)
 Metaspace       used 20362K, capacity 20564K, committed 20864K, reserved 1067008K
  class space    used 2336K, capacity 2404K, committed 2432K, reserved 1048576K
Event: 72.385 GC heap after
Heap after GC invocations=14 (full 2):
 PSYoungGen      total 206336K, used 3940K [0x00000000f0380000, 0x00000000fe380000, 0x0000000100000000)
  eden space 187392K, 0% used [0x00000000f0380000,0x00000000f0380000,0x00000000fba80000)
  from space 18944K, 20% used [0x00000000fcc00000,0x00000000fcfd9118,0x00000000fde80000)
  to   space 17920K, 0% used [0x00000000fba80000,0x00000000fba80000,0x00000000fcc00000)
 ParOldGen       total 88064K, used 55625K [0x00000000d0a00000, 0x00000000d6000000, 0x00000000f0380000)
  object space 88064K, 63% used [0x00000000d0a00000,0x00000000d4052410,0x00000000d6000000)
 Metaspace       used 20359K, capacity 20558K, committed 20864K, reserved 1067008K
  class space    used 2336K, capacity 2403K, committed 2432K, reserved 1048576K
}

