# JRE version: Java(TM) SE Runtime Environment (8.0_25-b17) (build 1.8.0_25-b17)
# Java VM: Java HotSpot(TM) 64-Bit Server VM (25.25-b02 mixed mode linux-amd64 compressed oops)
Heap:
 PSYoungGen      total 163840K, used 135633K [0x00000000f0380000, 0x00000000ff300000, 0x0000000100000000)
  eden space 145408K, 93% used [0x00000000f0380000,0x00000000f87f4528,0x00000000f9180000)
  from space 18432K, 0% used [0x00000000f9180000,0x00000000f9180000,0x00000000fa380000)
  to   space 17408K, 0% used [0x00000000fe200000,0x00000000fe200000,0x00000000ff300000)
 ParOldGen       total 77824K, used 49039K [0x00000000d0a00000, 0x00000000d5600000, 0x00000000f0380000)
  object space 77824K, 63% used [0x00000000d0a00000,0x00000000d39e3d80,0x00000000d5600000)
 Metaspace       used 20822K, capacity 21028K, committed 21376K, reserved 1069056K
  class space    used 2357K, capacity 2406K, committed 2432K, reserved 1048576K
GC Heap History (10 events):
Event: 8.104 GC heap before
{Heap before GC invocations=9 (full 0):
 PSYoungGen      total 103936K, used 103933K [0x00000000f0380000, 0x00000000f7c80000, 0x0000000100000000)
  eden space 94720K, 100% used [0x00000000f0380000,0x00000000f6000000,0x00000000f6000000)
  from space 9216K, 99% used [0x00000000f6c80000,0x00000000f757f470,0x00000000f7580000)
  to   space 12800K, 0% used [0x00000000f6000000,0x00000000f6000000,0x00000000f6c80000)
 ParOldGen       total 32768K, used 22343K [0x00000000d0a00000, 0x00000000d2a00000, 0x00000000f0380000)
  object space 32768K, 68% used [0x00000000d0a00000,0x00000000d1fd1f78,0x00000000d2a00000)
 Metaspace       used 17210K, capacity 17404K, committed 17664K, reserved 1064960K
  class space    used 2001K, capacity 2042K, committed 2048K, reserved 1048576K
Event: 8.157 GC heap after
Heap after GC invocations=9 (full 0):
 PSYoungGen      total 107520K, used 12777K [0x00000000f0380000, 0x00000000fba80000, 0x0000000100000000)
  eden space 94720K, 0% used [0x00000000f0380000,0x00000000f0380000,0x00000000f6000000)
  from space 12800K, 99% used [0x00000000f6000000,0x00000000f6c7a4f0,0x00000000f6c80000)
  to   space 17920K, 0% used [0x00000000fa900000,0x00000000fa900000,0x00000000fba80000)
 ParOldGen       total 32768K, used 29740K [0x00000000d0a00000, 0x00000000d2a00000, 0x00000000f0380000)
  object space 32768K, 90% used [0x00000000d0a00000,0x00000000d270b210,0x00000000d2a00000)
 Metaspace       used 17210K, capacity 17404K, committed 17664K, reserved 1064960K
  class space    used 2001K, capacity 2042K, committed 2048K, reserved 1048576K
}
Event: 8.157 GC heap before
{Heap before GC invocations=10 (full 1):
 PSYoungGen      total 107520K, used 12777K [0x00000000f0380000, 0x00000000fba80000, 0x0000000100000000)
  eden space 94720K, 0% used [0x00000000f0380000,0x00000000f0380000,0x00000000f6000000)
  from space 12800K, 99% used [0x00000000f6000000,0x00000000f6c7a4f0,0x00000000f6c80000)
  to   space 17920K, 0% used [0x00000000fa900000,0x00000000fa900000,0x00000000fba80000)
 ParOldGen       total 32768K, used 29740K [0x00000000d0a00000, 0x00000000d2a00000, 0x00000000f0380000)
  object space 32768K, 90% used [0x00000000d0a00000,0x00000000d270b210,0x00000000d2a00000)
 Metaspace       used 17210K, capacity 17404K, committed 17664K, reserved 1064960K
  class space    used 2001K, capacity 2042K, committed 2048K, reserved 1048576K
Event: 8.338 GC heap after
Heap after GC invocations=10 (full 1):
 PSYoungGen      total 107520K, used 991K [0x00000000f0380000, 0x00000000fba80000, 0x0000000100000000)
  eden space 94720K, 0% used [0x00000000f0380000,0x00000000f0380000,0x00000000f6000000)
  from space 12800K, 7% used [0x00000000f6000000,0x00000000f60f7d40,0x00000000f6c80000)
  to   space 17920K, 0% used [0x00000000fa900000,0x00000000fa900000,0x00000000fba80000)
 ParOldGen       total 55296K, used 32666K [0x00000000d0a00000, 0x00000000d4000000, 0x00000000f0380000)
  object space 55296K, 59% used [0x00000000d0a00000,0x00000000d29e6b88,0x00000000d4000000)
 Metaspace       used 17208K, capacity 17402K, committed 17664K, reserved 1064960K
  class space    used 2000K, capacity 2041K, committed 2048K, reserved 1048576K
}
Event: 8.501 GC heap before
{Heap before GC invocations=11 (full 1):
 PSYoungGen      total 107520K, used 95711K [0x00000000f0380000, 0x00000000fba80000, 0x0000000100000000)
  eden space 94720K, 100% used [0x00000000f0380000,0x00000000f6000000,0x00000000f6000000)
  from space 12800K, 7% used [0x00000000f6000000,0x00000000f60f7d40,0x00000000f6c80000)
  to   space 17920K, 0% used [0x00000000fa900000,0x00000000fa900000,0x00000000fba80000)
 ParOldGen       total 55296K, used 32666K [0x00000000d0a00000, 0x00000000d4000000, 0x00000000f0380000)
  object space 55296K, 59% used [0x00000000d0a00000,0x00000000d29e6b88,0x00000000d4000000)
 Metaspace       used 17209K, capacity 17402K, committed 17664K, reserved 1064960K
  class space    used 2000K, capacity 2041K, committed 2048K, reserved 1048576K
Event: 8.548 GC heap after
Heap after GC invocations=11 (full 1):
 PSYoungGen      total 155136K, used 12589K [0x00000000f0380000, 0x00000000fb580000, 0x0000000100000000)
  eden space 142336K, 0% used [0x00000000f0380000,0x00000000f0380000,0x00000000f8e80000)
  from space 12800K, 98% used [0x00000000fa900000,0x00000000fb54b760,0x00000000fb580000)
  to   space 18432K, 0% used [0x00000000f9180000,0x00000000f9180000,0x00000000fa380000)
 ParOldGen       total 55296K, used 32802K [0x00000000d0a00000, 0x00000000d4000000, 0x00000000f0380000)
  object space 55296K, 59% used [0x00000000d0a00000,0x00000000d2a08b88,0x00000000d4000000)
 Metaspace       used 17209K, capacity 17402K, committed 17664K, reserved 1064960K
  class space    used 2000K, capacity 2041K, committed 2048K, reserved 1048576K
}
Event: 19.064 GC heap before
{Heap before GC invocations=12 (full 1):
 PSYoungGen      total 155136K, used 154925K [0x00000000f0380000, 0x00000000fb580000, 0x0000000100000000)
  eden space 142336K, 100% used [0x00000000f0380000,0x00000000f8e80000,0x00000000f8e80000)
  from space 12800K, 98% used [0x00000000fa900000,0x00000000fb54b760,0x00000000fb580000)
  to   space 18432K, 0% used [0x00000000f9180000,0x00000000f9180000,0x00000000fa380000)
 ParOldGen       total 55296K, used 32802K [0x00000000d0a00000, 0x00000000d4000000, 0x00000000f0380000)
  object space 55296K, 59% used [0x00000000d0a00000,0x00000000d2a08b88,0x00000000d4000000)
 Metaspace       used 20189K, capacity 20462K, committed 20864K, reserved 1067008K
  class space    used 2325K, capacity 2397K, committed 2432K, reserved 1048576K
Event: 19.112 GC heap after
Heap after GC invocations=12 (full 1):
 PSYoungGen      total 163840K, used 7902K [0x00000000f0380000, 0x00000000ff300000, 0x0000000100000000)
  eden space 145408K, 0% used [0x00000000f0380000,0x00000000f0380000,0x00000000f9180000)
  from space 18432K, 42% used [0x00000000f9180000,0x00000000f9937bb8,0x00000000fa380000)
  to   space 17408K, 0% used [0x00000000fe200000,0x00000000fe200000,0x00000000ff300000)
 ParOldGen       total 55296K, used 45698K [0x00000000d0a00000, 0x00000000d4000000, 0x00000000f0380000)
  object space 55296K, 82% used [0x00000000d0a00000,0x00000000d36a0a80,0x00000000d4000000)
 Metaspace       used 20189K, capacity 20462K, committed 20864K, reserved 1067008K
  class space    used 2325K, capacity 2397K, committed 2432K, reserved 1048576K
}
Event: 19.112 GC heap before
{Heap before GC invocations=13 (full 2):
 PSYoungGen      total 163840K, used 7902K [0x00000000f0380000, 0x00000000ff300000, 0x0000000100000000)
  eden space 145408K, 0% used [0x00000000f0380000,0x00000000f0380000,0x00000000f9180000)
  from space 18432K, 42% used [0x00000000f9180000,0x00000000f9937bb8,0x00000000fa380000)
  to   space 17408K, 0% used [0x00000000fe200000,0x00000000fe200000,0x00000000ff300000)
 ParOldGen       total 55296K, used 45698K [0x00000000d0a00000, 0x00000000d4000000, 0x00000000f0380000)
  object space 55296K, 82% used [0x00000000d0a00000,0x00000000d36a0a80,0x00000000d4000000)
 Metaspace       used 20189K, capacity 20462K, committed 20864K, reserved 1067008K
  class space    used 2325K, capacity 2397K, committed 2432K, reserved 1048576K
Event: 19.316 GC heap after
Heap after GC invocations=13 (full 2):
 PSYoungGen      total 163840K, used 0K [0x00000000f0380000, 0x00000000ff300000, 0x0000000100000000)
  eden space 145408K, 0% used [0x00000000f0380000,0x00000000f0380000,0x00000000f9180000)
  from space 18432K, 0% used [0x00000000f9180000,0x00000000f9180000,0x00000000fa380000)
  to   space 17408K, 0% used [0x00000000fe200000,0x00000000fe200000,0x00000000ff300000)
 ParOldGen       total 77824K, used 49039K [0x00000000d0a00000, 0x00000000d5600000, 0x00000000f0380000)
  object space 77824K, 63% used [0x00000000d0a00000,0x00000000d39e3d80,0x00000000d5600000)
 Metaspace       used 20189K, capacity 20462K, committed 20864K, reserved 1067008K
  class space    used 2325K, capacity 2397K, committed 2432K, reserved 1048576K
}

