# JRE version: Java(TM) SE Runtime Environment (8.0_25-b17) (build 1.8.0_25-b17)
# Java VM: Java HotSpot(TM) 64-Bit Server VM (25.25-b02 mixed mode linux-amd64 compressed oops)
Heap:
 PSYoungGen      total 205312K, used 125498K [0x00000000f0380000, 0x0000000100000000, 0x0000000100000000)
  eden space 188928K, 57% used [0x00000000f0380000,0x00000000f6e16800,0x00000000fbc00000)
  from space 16384K, 99% used [0x00000000fbc00000,0x00000000fcbf8318,0x00000000fcc00000)
  to   space 22528K, 0% used [0x00000000fea00000,0x00000000fea00000,0x0000000100000000)
 ParOldGen       total 53248K, used 35265K [0x00000000d0a00000, 0x00000000d3e00000, 0x00000000f0380000)
  object space 53248K, 66% used [0x00000000d0a00000,0x00000000d2c706f8,0x00000000d3e00000)
 Metaspace       used 21165K, capacity 21352K, committed 21760K, reserved 1069056K
  class space    used 2385K, capacity 2434K, committed 2560K, reserved 1048576K
GC Heap History (10 events):
Event: 6.547 GC heap before
{Heap before GC invocations=6 (full 0):
 PSYoungGen      total 51200K, used 51182K [0x00000000f0380000, 0x00000000f7280000, 0x0000000100000000)
  eden space 49152K, 100% used [0x00000000f0380000,0x00000000f3380000,0x00000000f3380000)
  from space 2048K, 99% used [0x00000000f3380000,0x00000000f357bb58,0x00000000f3580000)
  to   space 7680K, 0% used [0x00000000f6b00000,0x00000000f6b00000,0x00000000f7280000)
 ParOldGen       total 32768K, used 14879K [0x00000000d0a00000, 0x00000000d2a00000, 0x00000000f0380000)
  object space 32768K, 45% used [0x00000000d0a00000,0x00000000d1887df8,0x00000000d2a00000)
 Metaspace       used 18246K, capacity 18458K, committed 18688K, reserved 1064960K
  class space    used 2130K, capacity 2203K, committed 2304K, reserved 1048576K
Event: 6.598 GC heap after
Heap after GC invocations=6 (full 0):
 PSYoungGen      total 104960K, used 7671K [0x00000000f0380000, 0x00000000f7480000, 0x0000000100000000)
  eden space 97280K, 0% used [0x00000000f0380000,0x00000000f0380000,0x00000000f6280000)
  from space 7680K, 99% used [0x00000000f6b00000,0x00000000f727dce0,0x00000000f7280000)
  to   space 8704K, 0% used [0x00000000f6280000,0x00000000f6280000,0x00000000f6b00000)
 ParOldGen       total 32768K, used 15119K [0x00000000d0a00000, 0x00000000d2a00000, 0x00000000f0380000)
  object space 32768K, 46% used [0x00000000d0a00000,0x00000000d18c3d70,0x00000000d2a00000)
 Metaspace       used 18246K, capacity 18458K, committed 18688K, reserved 1064960K
  class space    used 2130K, capacity 2203K, committed 2304K, reserved 1048576K
}
Event: 7.603 GC heap before
{Heap before GC invocations=7 (full 0):
 PSYoungGen      total 104960K, used 104951K [0x00000000f0380000, 0x00000000f7480000, 0x0000000100000000)
  eden space 97280K, 100% used [0x00000000f0380000,0x00000000f6280000,0x00000000f6280000)
  from space 7680K, 99% used [0x00000000f6b00000,0x00000000f727dce0,0x00000000f7280000)
  to   space 8704K, 0% used [0x00000000f6280000,0x00000000f6280000,0x00000000f6b00000)
 ParOldGen       total 32768K, used 15119K [0x00000000d0a00000, 0x00000000d2a00000, 0x00000000f0380000)
  object space 32768K, 46% used [0x00000000d0a00000,0x00000000d18c3d70,0x00000000d2a00000)
 Metaspace       used 18512K, capacity 18650K, committed 18944K, reserved 1067008K
  class space    used 2159K, capacity 2203K, committed 2304K, reserved 1048576K
Event: 7.688 GC heap after
Heap after GC invocations=7 (full 0):
 PSYoungGen      total 105984K, used 8686K [0x00000000f0380000, 0x00000000fe080000, 0x0000000100000000)
  eden space 97280K, 0% used [0x00000000f0380000,0x00000000f0380000,0x00000000f6280000)
  from space 8704K, 99% used [0x00000000f6280000,0x00000000f6afba60,0x00000000f6b00000)
  to   space 15872K, 0% used [0x00000000fd100000,0x00000000fd100000,0x00000000fe080000)
 ParOldGen       total 32768K, used 26789K [0x00000000d0a00000, 0x00000000d2a00000, 0x00000000f0380000)
  object space 32768K, 81% used [0x00000000d0a00000,0x00000000d2429520,0x00000000d2a00000)
 Metaspace       used 18512K, capacity 18650K, committed 18944K, reserved 1067008K
  class space    used 2159K, capacity 2203K, committed 2304K, reserved 1048576K
}
Event: 7.688 GC heap before
{Heap before GC invocations=8 (full 1):
 PSYoungGen      total 105984K, used 8686K [0x00000000f0380000, 0x00000000fe080000, 0x0000000100000000)
  eden space 97280K, 0% used [0x00000000f0380000,0x00000000f0380000,0x00000000f6280000)
  from space 8704K, 99% used [0x00000000f6280000,0x00000000f6afba60,0x00000000f6b00000)
  to   space 15872K, 0% used [0x00000000fd100000,0x00000000fd100000,0x00000000fe080000)
 ParOldGen       total 32768K, used 26789K [0x00000000d0a00000, 0x00000000d2a00000, 0x00000000f0380000)
  object space 32768K, 81% used [0x00000000d0a00000,0x00000000d2429520,0x00000000d2a00000)
 Metaspace       used 18512K, capacity 18650K, committed 18944K, reserved 1067008K
  class space    used 2159K, capacity 2203K, committed 2304K, reserved 1048576K
Event: 7.933 GC heap after
Heap after GC invocations=8 (full 1):
 PSYoungGen      total 105984K, used 0K [0x00000000f0380000, 0x00000000fe080000, 0x0000000100000000)
  eden space 97280K, 0% used [0x00000000f0380000,0x00000000f0380000,0x00000000f6280000)
  from space 8704K, 0% used [0x00000000f6280000,0x00000000f6280000,0x00000000f6b00000)
  to   space 15872K, 0% used [0x00000000fd100000,0x00000000fd100000,0x00000000fe080000)
 ParOldGen       total 53248K, used 25705K [0x00000000d0a00000, 0x00000000d3e00000, 0x00000000f0380000)
  object space 53248K, 48% used [0x00000000d0a00000,0x00000000d231a650,0x00000000d3e00000)
 Metaspace       used 18510K, capacity 18648K, committed 18944K, reserved 1067008K
  class space    used 2158K, capacity 2202K, committed 2304K, reserved 1048576K
}
Event: 8.240 GC heap before
{Heap before GC invocations=9 (full 1):
 PSYoungGen      total 105984K, used 97280K [0x00000000f0380000, 0x00000000fe080000, 0x0000000100000000)
  eden space 97280K, 100% used [0x00000000f0380000,0x00000000f6280000,0x00000000f6280000)
  from space 8704K, 0% used [0x00000000f6280000,0x00000000f6280000,0x00000000f6b00000)
  to   space 15872K, 0% used [0x00000000fd100000,0x00000000fd100000,0x00000000fe080000)
 ParOldGen       total 53248K, used 25705K [0x00000000d0a00000, 0x00000000d3e00000, 0x00000000f0380000)
  object space 53248K, 48% used [0x00000000d0a00000,0x00000000d231a650,0x00000000d3e00000)
 Metaspace       used 18510K, capacity 18648K, committed 18944K, reserved 1067008K
  class space    used 2158K, capacity 2202K, committed 2304K, reserved 1048576K
Event: 8.283 GC heap after
Heap after GC invocations=9 (full 1):
 PSYoungGen      total 171520K, used 11140K [0x00000000f0380000, 0x00000000fdc00000, 0x0000000100000000)
  eden space 160256K, 0% used [0x00000000f0380000,0x00000000f0380000,0x00000000fa000000)
  from space 11264K, 98% used [0x00000000fd100000,0x00000000fdbe1278,0x00000000fdc00000)
  to   space 16384K, 0% used [0x00000000fbc00000,0x00000000fbc00000,0x00000000fcc00000)
 ParOldGen       total 53248K, used 25705K [0x00000000d0a00000, 0x00000000d3e00000, 0x00000000f0380000)
  object space 53248K, 48% used [0x00000000d0a00000,0x00000000d231a650,0x00000000d3e00000)
 Metaspace       used 18510K, capacity 18648K, committed 18944K, reserved 1067008K
  class space    used 2158K, capacity 2202K, committed 2304K, reserved 1048576K
}
Event: 19.043 GC heap before
{Heap before GC invocations=10 (full 1):
 PSYoungGen      total 171520K, used 171396K [0x00000000f0380000, 0x00000000fdc00000, 0x0000000100000000)
  eden space 160256K, 100% used [0x00000000f0380000,0x00000000fa000000,0x00000000fa000000)
  from space 11264K, 98% used [0x00000000fd100000,0x00000000fdbe1278,0x00000000fdc00000)
  to   space 16384K, 0% used [0x00000000fbc00000,0x00000000fbc00000,0x00000000fcc00000)
 ParOldGen       total 53248K, used 25705K [0x00000000d0a00000, 0x00000000d3e00000, 0x00000000f0380000)
  object space 53248K, 48% used [0x00000000d0a00000,0x00000000d231a650,0x00000000d3e00000)
 Metaspace       used 20233K, capacity 20424K, committed 20608K, reserved 1067008K
  class space    used 2333K, capacity 2402K, committed 2432K, reserved 1048576K
Event: 19.108 GC heap after
Heap after GC invocations=10 (full 1):
 PSYoungGen      total 205312K, used 16352K [0x00000000f0380000, 0x0000000100000000, 0x0000000100000000)
  eden space 188928K, 0% used [0x00000000f0380000,0x00000000f0380000,0x00000000fbc00000)
  from space 16384K, 99% used [0x00000000fbc00000,0x00000000fcbf8318,0x00000000fcc00000)
  to   space 22528K, 0% used [0x00000000fea00000,0x00000000fea00000,0x0000000100000000)
 ParOldGen       total 53248K, used 35265K [0x00000000d0a00000, 0x00000000d3e00000, 0x00000000f0380000)
  object space 53248K, 66% used [0x00000000d0a00000,0x00000000d2c706f8,0x00000000d3e00000)
 Metaspace       used 20233K, capacity 20424K, committed 20608K, reserved 1067008K
  class space    used 2333K, capacity 2402K, committed 2432K, reserved 1048576K
}

