# JRE version: Java(TM) SE Runtime Environment (8.0_25-b17) (build 1.8.0_25-b17)
# Java VM: Java HotSpot(TM) 64-Bit Server VM (25.25-b02 mixed mode linux-amd64 compressed oops)
Heap:
 PSYoungGen      total 105472K, used 82927K [0x00000000f0380000, 0x00000000f7180000, 0x0000000100000000)
  eden space 98304K, 84% used [0x00000000f0380000,0x00000000f547bea8,0x00000000f6380000)
  from space 7168K, 0% used [0x00000000f6a80000,0x00000000f6a80000,0x00000000f7180000)
  to   space 7168K, 0% used [0x00000000f6380000,0x00000000f6380000,0x00000000f6a80000)
 ParOldGen       total 36352K, used 13753K [0x00000000d0a00000, 0x00000000d2d80000, 0x00000000f0380000)
  object space 36352K, 37% used [0x00000000d0a00000,0x00000000d176e770,0x00000000d2d80000)
 Metaspace       used 22432K, capacity 22656K, committed 22912K, reserved 1069056K
  class space    used 2549K, capacity 2602K, committed 2688K, reserved 1048576K
GC Heap History (10 events):
Event: 3.039 GC heap before
{Heap before GC invocations=3 (full 0):
 PSYoungGen      total 26624K, used 26592K [0x00000000f0380000, 0x00000000f1f80000, 0x0000000100000000)
  eden space 24576K, 100% used [0x00000000f0380000,0x00000000f1b80000,0x00000000f1b80000)
  from space 2048K, 98% used [0x00000000f1d80000,0x00000000f1f78020,0x00000000f1f80000)
  to   space 2048K, 0% used [0x00000000f1b80000,0x00000000f1b80000,0x00000000f1d80000)
 ParOldGen       total 32768K, used 3803K [0x00000000d0a00000, 0x00000000d2a00000, 0x00000000f0380000)
  object space 32768K, 11% used [0x00000000d0a00000,0x00000000d0db6f90,0x00000000d2a00000)
 Metaspace       used 14051K, capacity 14260K, committed 14592K, reserved 1062912K
  class space    used 1646K, capacity 1730K, committed 1792K, reserved 1048576K
Event: 3.055 GC heap after
Heap after GC invocations=3 (full 0):
 PSYoungGen      total 26624K, used 2016K [0x00000000f0380000, 0x00000000f3780000, 0x0000000100000000)
  eden space 24576K, 0% used [0x00000000f0380000,0x00000000f0380000,0x00000000f1b80000)
  from space 2048K, 98% used [0x00000000f1b80000,0x00000000f1d78070,0x00000000f1d80000)
  to   space 2048K, 0% used [0x00000000f3580000,0x00000000f3580000,0x00000000f3780000)
 ParOldGen       total 32768K, used 8958K [0x00000000d0a00000, 0x00000000d2a00000, 0x00000000f0380000)
  object space 32768K, 27% used [0x00000000d0a00000,0x00000000d12bf8d8,0x00000000d2a00000)
 Metaspace       used 14051K, capacity 14260K, committed 14592K, reserved 1062912K
  class space    used 1646K, capacity 1730K, committed 1792K, reserved 1048576K
}
Event: 4.624 GC heap before
{Heap before GC invocations=4 (full 0):
 PSYoungGen      total 26624K, used 26592K [0x00000000f0380000, 0x00000000f3780000, 0x0000000100000000)
  eden space 24576K, 100% used [0x00000000f0380000,0x00000000f1b80000,0x00000000f1b80000)
  from space 2048K, 98% used [0x00000000f1b80000,0x00000000f1d78070,0x00000000f1d80000)
  to   space 2048K, 0% used [0x00000000f3580000,0x00000000f3580000,0x00000000f3780000)
 ParOldGen       total 32768K, used 8958K [0x00000000d0a00000, 0x00000000d2a00000, 0x00000000f0380000)
  object space 32768K, 27% used [0x00000000d0a00000,0x00000000d12bf8d8,0x00000000d2a00000)
 Metaspace       used 16872K, capacity 17060K, committed 17408K, reserved 1064960K
  class space    used 1960K, capacity 2022K, committed 2048K, reserved 1048576K
Event: 4.641 GC heap after
Heap after GC invocations=4 (full 0):
 PSYoungGen      total 51200K, used 2044K [0x00000000f0380000, 0x00000000f3780000, 0x0000000100000000)
  eden space 49152K, 0% used [0x00000000f0380000,0x00000000f0380000,0x00000000f3380000)
  from space 2048K, 99% used [0x00000000f3580000,0x00000000f377f070,0x00000000f3780000)
  to   space 2048K, 0% used [0x00000000f3380000,0x00000000f3380000,0x00000000f3580000)
 ParOldGen       total 32768K, used 10562K [0x00000000d0a00000, 0x00000000d2a00000, 0x00000000f0380000)
  object space 32768K, 32% used [0x00000000d0a00000,0x00000000d1450b10,0x00000000d2a00000)
 Metaspace       used 16872K, capacity 17060K, committed 17408K, reserved 1064960K
  class space    used 1960K, capacity 2022K, committed 2048K, reserved 1048576K
}
Event: 6.416 GC heap before
{Heap before GC invocations=5 (full 0):
 PSYoungGen      total 51200K, used 51196K [0x00000000f0380000, 0x00000000f3780000, 0x0000000100000000)
  eden space 49152K, 100% used [0x00000000f0380000,0x00000000f3380000,0x00000000f3380000)
  from space 2048K, 99% used [0x00000000f3580000,0x00000000f377f070,0x00000000f3780000)
  to   space 2048K, 0% used [0x00000000f3380000,0x00000000f3380000,0x00000000f3580000)
 ParOldGen       total 32768K, used 10562K [0x00000000d0a00000, 0x00000000d2a00000, 0x00000000f0380000)
  object space 32768K, 32% used [0x00000000d0a00000,0x00000000d1450b10,0x00000000d2a00000)
 Metaspace       used 18345K, capacity 18538K, committed 18816K, reserved 1067008K
  class space    used 2104K, capacity 2151K, committed 2176K, reserved 1048576K
Event: 6.440 GC heap after
Heap after GC invocations=5 (full 0):
 PSYoungGen      total 51200K, used 2047K [0x00000000f0380000, 0x00000000f7180000, 0x0000000100000000)
  eden space 49152K, 0% used [0x00000000f0380000,0x00000000f0380000,0x00000000f3380000)
  from space 2048K, 99% used [0x00000000f3380000,0x00000000f357fc08,0x00000000f3580000)
  to   space 7168K, 0% used [0x00000000f6a80000,0x00000000f6a80000,0x00000000f7180000)
 ParOldGen       total 32768K, used 12172K [0x00000000d0a00000, 0x00000000d2a00000, 0x00000000f0380000)
  object space 32768K, 37% used [0x00000000d0a00000,0x00000000d15e3008,0x00000000d2a00000)
 Metaspace       used 18345K, capacity 18538K, committed 18816K, reserved 1067008K
  class space    used 2104K, capacity 2151K, committed 2176K, reserved 1048576K
}
Event: 10.142 GC heap before
{Heap before GC invocations=6 (full 0):
 PSYoungGen      total 51200K, used 17794K [0x00000000f0380000, 0x00000000f7180000, 0x0000000100000000)
  eden space 49152K, 32% used [0x00000000f0380000,0x00000000f12e0df0,0x00000000f3380000)
  from space 2048K, 99% used [0x00000000f3380000,0x00000000f357fc08,0x00000000f3580000)
  to   space 7168K, 0% used [0x00000000f6a80000,0x00000000f6a80000,0x00000000f7180000)
 ParOldGen       total 32768K, used 12172K [0x00000000d0a00000, 0x00000000d2a00000, 0x00000000f0380000)
  object space 32768K, 37% used [0x00000000d0a00000,0x00000000d15e3008,0x00000000d2a00000)
 Metaspace       used 20928K, capacity 21072K, committed 21248K, reserved 1069056K
  class space    used 2428K, capacity 2504K, committed 2560K, reserved 1048576K
Event: 10.155 GC heap after
Heap after GC invocations=6 (full 0):
 PSYoungGen      total 105472K, used 5029K [0x00000000f0380000, 0x00000000f7180000, 0x0000000100000000)
  eden space 98304K, 0% used [0x00000000f0380000,0x00000000f0380000,0x00000000f6380000)
  from space 7168K, 70% used [0x00000000f6a80000,0x00000000f6f69760,0x00000000f7180000)
  to   space 7168K, 0% used [0x00000000f6380000,0x00000000f6380000,0x00000000f6a80000)
 ParOldGen       total 32768K, used 12180K [0x00000000d0a00000, 0x00000000d2a00000, 0x00000000f0380000)
  object space 32768K, 37% used [0x00000000d0a00000,0x00000000d15e5008,0x00000000d2a00000)
 Metaspace       used 20928K, capacity 21072K, committed 21248K, reserved 1069056K
  class space    used 2428K, capacity 2504K, committed 2560K, reserved 1048576K
}
Event: 10.155 GC heap before
{Heap before GC invocations=7 (full 1):
 PSYoungGen      total 105472K, used 5029K [0x00000000f0380000, 0x00000000f7180000, 0x0000000100000000)
  eden space 98304K, 0% used [0x00000000f0380000,0x00000000f0380000,0x00000000f6380000)
  from space 7168K, 70% used [0x00000000f6a80000,0x00000000f6f69760,0x00000000f7180000)
  to   space 7168K, 0% used [0x00000000f6380000,0x00000000f6380000,0x00000000f6a80000)
 ParOldGen       total 32768K, used 12180K [0x00000000d0a00000, 0x00000000d2a00000, 0x00000000f0380000)
  object space 32768K, 37% used [0x00000000d0a00000,0x00000000d15e5008,0x00000000d2a00000)
 Metaspace       used 20928K, capacity 21072K, committed 21248K, reserved 1069056K
  class space    used 2428K, capacity 2504K, committed 2560K, reserved 1048576K
Event: 10.225 GC heap after
Heap after GC invocations=7 (full 1):
 PSYoungGen      total 105472K, used 0K [0x00000000f0380000, 0x00000000f7180000, 0x0000000100000000)
  eden space 98304K, 0% used [0x00000000f0380000,0x00000000f0380000,0x00000000f6380000)
  from space 7168K, 0% used [0x00000000f6a80000,0x00000000f6a80000,0x00000000f7180000)
  to   space 7168K, 0% used [0x00000000f6380000,0x00000000f6380000,0x00000000f6a80000)
 ParOldGen       total 36352K, used 13753K [0x00000000d0a00000, 0x00000000d2d80000, 0x00000000f0380000)
  object space 36352K, 37% used [0x00000000d0a00000,0x00000000d176e770,0x00000000d2d80000)
 Metaspace       used 20927K, capacity 21070K, committed 21248K, reserved 1069056K
  class space    used 2427K, capacity 2503K, committed 2560K, reserved 1048576K
}

