# JRE version: Java(TM) SE Runtime Environment (8.0_25-b17) (build 1.8.0_25-b17)
# Java VM: Java HotSpot(TM) 64-Bit Server VM (25.25-b02 mixed mode linux-amd64 compressed oops)
Heap:
 PSYoungGen      total 156160K, used 126371K [0x00000000f0380000, 0x00000000fa280000, 0x0000000100000000)
  eden space 150016K, 83% used [0x00000000f0380000,0x00000000f7e894f0,0x00000000f9600000)
  from space 6144K, 6% used [0x00000000f9c00000,0x00000000f9c5f790,0x00000000fa200000)
  to   space 6144K, 0% used [0x00000000f9600000,0x00000000f9600000,0x00000000f9c00000)
 ParOldGen       total 27648K, used 12975K [0x00000000d0a00000, 0x00000000d2500000, 0x00000000f0380000)
  object space 27648K, 46% used [0x00000000d0a00000,0x00000000d16abfd8,0x00000000d2500000)
 Metaspace       used 24554K, capacity 24764K, committed 25088K, reserved 1071104K
  class space    used 2737K, capacity 2804K, committed 2816K, reserved 1048576K
GC Heap History (10 events):
Event: 70.211 GC heap before
{Heap before GC invocations=13 (full 1):
 PSYoungGen      total 45568K, used 40630K [0x00000000f0380000, 0x00000000f4b80000, 0x0000000100000000)
  eden space 39424K, 99% used [0x00000000f0380000,0x00000000f29fadb8,0x00000000f2a00000)
  from space 6144K, 19% used [0x00000000f2a00000,0x00000000f2b32c58,0x00000000f3000000)
  to   space 6144K, 0% used [0x00000000f4580000,0x00000000f4580000,0x00000000f4b80000)
 ParOldGen       total 27648K, used 10909K [0x00000000d0a00000, 0x00000000d2500000, 0x00000000f0380000)
  object space 27648K, 39% used [0x00000000d0a00000,0x00000000d14a7500,0x00000000d2500000)
 Metaspace       used 23339K, capacity 23568K, committed 23808K, reserved 1071104K
  class space    used 2690K, capacity 2770K, committed 2816K, reserved 1048576K
Event: 70.216 GC heap after
Heap after GC invocations=13 (full 1):
 PSYoungGen      total 66560K, used 2235K [0x00000000f0380000, 0x00000000f4b00000, 0x0000000100000000)
  eden space 60928K, 0% used [0x00000000f0380000,0x00000000f0380000,0x00000000f3f00000)
  from space 5632K, 39% used [0x00000000f4580000,0x00000000f47aedc0,0x00000000f4b00000)
  to   space 6144K, 0% used [0x00000000f3f00000,0x00000000f3f00000,0x00000000f4500000)
 ParOldGen       total 27648K, used 11520K [0x00000000d0a00000, 0x00000000d2500000, 0x00000000f0380000)
  object space 27648K, 41% used [0x00000000d0a00000,0x00000000d1540338,0x00000000d2500000)
 Metaspace       used 23339K, capacity 23568K, committed 23808K, reserved 1071104K
  class space    used 2690K, capacity 2770K, committed 2816K, reserved 1048576K
}
Event: 70.271 GC heap before
{Heap before GC invocations=14 (full 1):
 PSYoungGen      total 66560K, used 63162K [0x00000000f0380000, 0x00000000f4b00000, 0x0000000100000000)
  eden space 60928K, 99% used [0x00000000f0380000,0x00000000f3effbc8,0x00000000f3f00000)
  from space 5632K, 39% used [0x00000000f4580000,0x00000000f47aedc0,0x00000000f4b00000)
  to   space 6144K, 0% used [0x00000000f3f00000,0x00000000f3f00000,0x00000000f4500000)
 ParOldGen       total 27648K, used 11520K [0x00000000d0a00000, 0x00000000d2500000, 0x00000000f0380000)
  object space 27648K, 41% used [0x00000000d0a00000,0x00000000d1540338,0x00000000d2500000)
 Metaspace       used 23339K, capacity 23568K, committed 23808K, reserved 1071104K
  class space    used 2690K, capacity 2770K, committed 2816K, reserved 1048576K
Event: 70.275 GC heap after
Heap after GC invocations=14 (full 1):
 PSYoungGen      total 67072K, used 83K [0x00000000f0380000, 0x00000000f6d00000, 0x0000000100000000)
  eden space 60928K, 0% used [0x00000000f0380000,0x00000000f0380000,0x00000000f3f00000)
  from space 6144K, 1% used [0x00000000f3f00000,0x00000000f3f14ea8,0x00000000f4500000)
  to   space 6144K, 0% used [0x00000000f6700000,0x00000000f6700000,0x00000000f6d00000)
 ParOldGen       total 27648K, used 12959K [0x00000000d0a00000, 0x00000000d2500000, 0x00000000f0380000)
  object space 27648K, 46% used [0x00000000d0a00000,0x00000000d16a7fd8,0x00000000d2500000)
 Metaspace       used 23339K, capacity 23568K, committed 23808K, reserved 1071104K
  class space    used 2690K, capacity 2770K, committed 2816K, reserved 1048576K
}
Event: 70.326 GC heap before
{Heap before GC invocations=15 (full 1):
 PSYoungGen      total 67072K, used 61006K [0x00000000f0380000, 0x00000000f6d00000, 0x0000000100000000)
  eden space 60928K, 99% used [0x00000000f0380000,0x00000000f3efe998,0x00000000f3f00000)
  from space 6144K, 1% used [0x00000000f3f00000,0x00000000f3f14ea8,0x00000000f4500000)
  to   space 6144K, 0% used [0x00000000f6700000,0x00000000f6700000,0x00000000f6d00000)
 ParOldGen       total 27648K, used 12959K [0x00000000d0a00000, 0x00000000d2500000, 0x00000000f0380000)
  object space 27648K, 46% used [0x00000000d0a00000,0x00000000d16a7fd8,0x00000000d2500000)
 Metaspace       used 23346K, capacity 23568K, committed 23808K, reserved 1071104K
  class space    used 2690K, capacity 2770K, committed 2816K, reserved 1048576K
Event: 70.327 GC heap after
Heap after GC invocations=15 (full 1):
 PSYoungGen      total 101888K, used 171K [0x00000000f0380000, 0x00000000f6d00000, 0x0000000100000000)
  eden space 95744K, 0% used [0x00000000f0380000,0x00000000f0380000,0x00000000f6100000)
  from space 6144K, 2% used [0x00000000f6700000,0x00000000f672ada0,0x00000000f6d00000)
  to   space 6144K, 0% used [0x00000000f6100000,0x00000000f6100000,0x00000000f6700000)
 ParOldGen       total 27648K, used 12959K [0x00000000d0a00000, 0x00000000d2500000, 0x00000000f0380000)
  object space 27648K, 46% used [0x00000000d0a00000,0x00000000d16a7fd8,0x00000000d2500000)
 Metaspace       used 23346K, capacity 23568K, committed 23808K, reserved 1071104K
  class space    used 2690K, capacity 2770K, committed 2816K, reserved 1048576K
}
Event: 70.386 GC heap before
{Heap before GC invocations=16 (full 1):
 PSYoungGen      total 101888K, used 95893K [0x00000000f0380000, 0x00000000f6d00000, 0x0000000100000000)
  eden space 95744K, 99% used [0x00000000f0380000,0x00000000f60faa38,0x00000000f6100000)
  from space 6144K, 2% used [0x00000000f6700000,0x00000000f672ada0,0x00000000f6d00000)
  to   space 6144K, 0% used [0x00000000f6100000,0x00000000f6100000,0x00000000f6700000)
 ParOldGen       total 27648K, used 12959K [0x00000000d0a00000, 0x00000000d2500000, 0x00000000f0380000)
  object space 27648K, 46% used [0x00000000d0a00000,0x00000000d16a7fd8,0x00000000d2500000)
 Metaspace       used 23347K, capacity 23568K, committed 23808K, reserved 1071104K
  class space    used 2690K, capacity 2770K, committed 2816K, reserved 1048576K
Event: 70.387 GC heap after
Heap after GC invocations=16 (full 1):
 PSYoungGen      total 101888K, used 316K [0x00000000f0380000, 0x00000000fa200000, 0x0000000100000000)
  eden space 95744K, 0% used [0x00000000f0380000,0x00000000f0380000,0x00000000f6100000)
  from space 6144K, 5% used [0x00000000f6100000,0x00000000f614f128,0x00000000f6700000)
  to   space 6144K, 0% used [0x00000000f9c00000,0x00000000f9c00000,0x00000000fa200000)
 ParOldGen       total 27648K, used 12967K [0x00000000d0a00000, 0x00000000d2500000, 0x00000000f0380000)
  object space 27648K, 46% used [0x00000000d0a00000,0x00000000d16a9fd8,0x00000000d2500000)
 Metaspace       used 23347K, capacity 23568K, committed 23808K, reserved 1071104K
  class space    used 2690K, capacity 2770K, committed 2816K, reserved 1048576K
}
Event: 70.437 GC heap before
{Heap before GC invocations=17 (full 1):
 PSYoungGen      total 101888K, used 96046K [0x00000000f0380000, 0x00000000fa200000, 0x0000000100000000)
  eden space 95744K, 99% used [0x00000000f0380000,0x00000000f60fca38,0x00000000f6100000)
  from space 6144K, 5% used [0x00000000f6100000,0x00000000f614f128,0x00000000f6700000)
  to   space 6144K, 0% used [0x00000000f9c00000,0x00000000f9c00000,0x00000000fa200000)
 ParOldGen       total 27648K, used 12967K [0x00000000d0a00000, 0x00000000d2500000, 0x00000000f0380000)
  object space 27648K, 46% used [0x00000000d0a00000,0x00000000d16a9fd8,0x00000000d2500000)
 Metaspace       used 23347K, capacity 23568K, committed 23808K, reserved 1071104K
  class space    used 2690K, capacity 2770K, committed 2816K, reserved 1048576K
Event: 70.439 GC heap after
Heap after GC invocations=17 (full 1):
 PSYoungGen      total 156160K, used 381K [0x00000000f0380000, 0x00000000fa280000, 0x0000000100000000)
  eden space 150016K, 0% used [0x00000000f0380000,0x00000000f0380000,0x00000000f9600000)
  from space 6144K, 6% used [0x00000000f9c00000,0x00000000f9c5f790,0x00000000fa200000)
  to   space 6144K, 0% used [0x00000000f9600000,0x00000000f9600000,0x00000000f9c00000)
 ParOldGen       total 27648K, used 12975K [0x00000000d0a00000, 0x00000000d2500000, 0x00000000f0380000)
  object space 27648K, 46% used [0x00000000d0a00000,0x00000000d16abfd8,0x00000000d2500000)
 Metaspace       used 23347K, capacity 23568K, committed 23808K, reserved 1071104K
  class space    used 2690K, capacity 2770K, committed 2816K, reserved 1048576K
}

