# JRE version: Java(TM) SE Runtime Environment (8.0_25-b17) (build 1.8.0_25-b17)
# Java VM: Java HotSpot(TM) 64-Bit Server VM (25.25-b02 mixed mode linux-amd64 compressed oops)
Heap:
 PSYoungGen      total 154624K, used 153743K [0x00000000f0380000, 0x00000000fba00000, 0x0000000100000000)
  eden space 140800K, 99% used [0x00000000f0380000,0x00000000f8c6b6a0,0x00000000f8d00000)
  from space 13824K, 97% used [0x00000000fac80000,0x00000000fb9b86b0,0x00000000fba00000)
  to   space 19968K, 0% used [0x00000000f9300000,0x00000000f9300000,0x00000000fa680000)
 ParOldGen       total 56832K, used 32710K [0x00000000d0a00000, 0x00000000d4180000, 0x00000000f0380000)
  object space 56832K, 57% used [0x00000000d0a00000,0x00000000d29f1aa8,0x00000000d4180000)
 Metaspace       used 20860K, capacity 21046K, committed 21504K, reserved 1069056K
  class space    used 2365K, capacity 2435K, committed 2560K, reserved 1048576K
GC Heap History (10 events):
Event: 6.726 GC heap before
{Heap before GC invocations=7 (full 0):
 PSYoungGen      total 55296K, used 54680K [0x00000000f0380000, 0x00000000f4180000, 0x0000000100000000)
  eden space 48640K, 100% used [0x00000000f0380000,0x00000000f3300000,0x00000000f3300000)
  from space 6656K, 90% used [0x00000000f3a00000,0x00000000f3fe61b8,0x00000000f4080000)
  to   space 7168K, 0% used [0x00000000f3300000,0x00000000f3300000,0x00000000f3a00000)
 ParOldGen       total 32768K, used 14458K [0x00000000d0a00000, 0x00000000d2a00000, 0x00000000f0380000)
  object space 32768K, 44% used [0x00000000d0a00000,0x00000000d181eaa8,0x00000000d2a00000)
 Metaspace       used 17168K, capacity 17338K, committed 17664K, reserved 1064960K
  class space    used 2000K, capacity 2041K, committed 2048K, reserved 1048576K
Event: 6.753 GC heap after
Heap after GC invocations=7 (full 0):
 PSYoungGen      total 55808K, used 7152K [0x00000000f0380000, 0x00000000f7a80000, 0x0000000100000000)
  eden space 48640K, 0% used [0x00000000f0380000,0x00000000f0380000,0x00000000f3300000)
  from space 7168K, 99% used [0x00000000f3300000,0x00000000f39fc030,0x00000000f3a00000)
  to   space 12288K, 0% used [0x00000000f6e80000,0x00000000f6e80000,0x00000000f7a80000)
 ParOldGen       total 32768K, used 22649K [0x00000000d0a00000, 0x00000000d2a00000, 0x00000000f0380000)
  object space 32768K, 69% used [0x00000000d0a00000,0x00000000d201e5c8,0x00000000d2a00000)
 Metaspace       used 17168K, capacity 17338K, committed 17664K, reserved 1064960K
  class space    used 2000K, capacity 2041K, committed 2048K, reserved 1048576K
}
Event: 6.839 GC heap before
{Heap before GC invocations=8 (full 0):
 PSYoungGen      total 55808K, used 55792K [0x00000000f0380000, 0x00000000f7a80000, 0x0000000100000000)
  eden space 48640K, 100% used [0x00000000f0380000,0x00000000f3300000,0x00000000f3300000)
  from space 7168K, 99% used [0x00000000f3300000,0x00000000f39fc030,0x00000000f3a00000)
  to   space 12288K, 0% used [0x00000000f6e80000,0x00000000f6e80000,0x00000000f7a80000)
 ParOldGen       total 32768K, used 22649K [0x00000000d0a00000, 0x00000000d2a00000, 0x00000000f0380000)
  object space 32768K, 69% used [0x00000000d0a00000,0x00000000d201e5c8,0x00000000d2a00000)
 Metaspace       used 17174K, capacity 17338K, committed 17664K, reserved 1064960K
  class space    used 2000K, capacity 2041K, committed 2048K, reserved 1048576K
Event: 6.856 GC heap after
Heap after GC invocations=8 (full 0):
 PSYoungGen      total 108032K, used 11840K [0x00000000f0380000, 0x00000000f7d80000, 0x0000000100000000)
  eden space 95744K, 0% used [0x00000000f0380000,0x00000000f0380000,0x00000000f6100000)
  from space 12288K, 96% used [0x00000000f6e80000,0x00000000f7a10020,0x00000000f7a80000)
  to   space 13824K, 0% used [0x00000000f6100000,0x00000000f6100000,0x00000000f6e80000)
 ParOldGen       total 32768K, used 23568K [0x00000000d0a00000, 0x00000000d2a00000, 0x00000000f0380000)
  object space 32768K, 71% used [0x00000000d0a00000,0x00000000d2104308,0x00000000d2a00000)
 Metaspace       used 17174K, capacity 17338K, committed 17664K, reserved 1064960K
  class space    used 2000K, capacity 2041K, committed 2048K, reserved 1048576K
}
Event: 7.021 GC heap before
{Heap before GC invocations=9 (full 0):
 PSYoungGen      total 108032K, used 107584K [0x00000000f0380000, 0x00000000f7d80000, 0x0000000100000000)
  eden space 95744K, 100% used [0x00000000f0380000,0x00000000f6100000,0x00000000f6100000)
  from space 12288K, 96% used [0x00000000f6e80000,0x00000000f7a10020,0x00000000f7a80000)
  to   space 13824K, 0% used [0x00000000f6100000,0x00000000f6100000,0x00000000f6e80000)
 ParOldGen       total 32768K, used 23568K [0x00000000d0a00000, 0x00000000d2a00000, 0x00000000f0380000)
  object space 32768K, 71% used [0x00000000d0a00000,0x00000000d2104308,0x00000000d2a00000)
 Metaspace       used 17174K, capacity 17338K, committed 17664K, reserved 1064960K
  class space    used 2000K, capacity 2041K, committed 2048K, reserved 1048576K
Event: 7.058 GC heap after
Heap after GC invocations=9 (full 0):
 PSYoungGen      total 109568K, used 13796K [0x00000000f0380000, 0x00000000fbf80000, 0x0000000100000000)
  eden space 95744K, 0% used [0x00000000f0380000,0x00000000f0380000,0x00000000f6100000)
  from space 13824K, 99% used [0x00000000f6100000,0x00000000f6e79298,0x00000000f6e80000)
  to   space 19456K, 0% used [0x00000000fac80000,0x00000000fac80000,0x00000000fbf80000)
 ParOldGen       total 32768K, used 32690K [0x00000000d0a00000, 0x00000000d2a00000, 0x00000000f0380000)
  object space 32768K, 99% used [0x00000000d0a00000,0x00000000d29eca08,0x00000000d2a00000)
 Metaspace       used 17174K, capacity 17338K, committed 17664K, reserved 1064960K
  class space    used 2000K, capacity 2041K, committed 2048K, reserved 1048576K
}
Event: 7.058 GC heap before
{Heap before GC invocations=10 (full 1):
 PSYoungGen      total 109568K, used 13796K [0x00000000f0380000, 0x00000000fbf80000, 0x0000000100000000)
  eden space 95744K, 0% used [0x00000000f0380000,0x00000000f0380000,0x00000000f6100000)
  from space 13824K, 99% used [0x00000000f6100000,0x00000000f6e79298,0x00000000f6e80000)
  to   space 19456K, 0% used [0x00000000fac80000,0x00000000fac80000,0x00000000fbf80000)
 ParOldGen       total 32768K, used 32690K [0x00000000d0a00000, 0x00000000d2a00000, 0x00000000f0380000)
  object space 32768K, 99% used [0x00000000d0a00000,0x00000000d29eca08,0x00000000d2a00000)
 Metaspace       used 17174K, capacity 17338K, committed 17664K, reserved 1064960K
  class space    used 2000K, capacity 2041K, committed 2048K, reserved 1048576K
Event: 7.228 GC heap after
Heap after GC invocations=10 (full 1):
 PSYoungGen      total 109568K, used 1996K [0x00000000f0380000, 0x00000000fbf80000, 0x0000000100000000)
  eden space 95744K, 0% used [0x00000000f0380000,0x00000000f0380000,0x00000000f6100000)
  from space 13824K, 14% used [0x00000000f6100000,0x00000000f62f33a0,0x00000000f6e80000)
  to   space 19456K, 0% used [0x00000000fac80000,0x00000000fac80000,0x00000000fbf80000)
 ParOldGen       total 56832K, used 32702K [0x00000000d0a00000, 0x00000000d4180000, 0x00000000f0380000)
  object space 56832K, 57% used [0x00000000d0a00000,0x00000000d29efaa8,0x00000000d4180000)
 Metaspace       used 17173K, capacity 17336K, committed 17664K, reserved 1064960K
  class space    used 1999K, capacity 2040K, committed 2048K, reserved 1048576K
}
Event: 12.233 GC heap before
{Heap before GC invocations=11 (full 1):
 PSYoungGen      total 109568K, used 97740K [0x00000000f0380000, 0x00000000fbf80000, 0x0000000100000000)
  eden space 95744K, 100% used [0x00000000f0380000,0x00000000f6100000,0x00000000f6100000)
  from space 13824K, 14% used [0x00000000f6100000,0x00000000f62f33a0,0x00000000f6e80000)
  to   space 19456K, 0% used [0x00000000fac80000,0x00000000fac80000,0x00000000fbf80000)
 ParOldGen       total 56832K, used 32702K [0x00000000d0a00000, 0x00000000d4180000, 0x00000000f0380000)
  object space 56832K, 57% used [0x00000000d0a00000,0x00000000d29efaa8,0x00000000d4180000)
 Metaspace       used 18544K, capacity 18720K, committed 19200K, reserved 1067008K
  class space    used 2153K, capacity 2202K, committed 2304K, reserved 1048576K
Event: 12.293 GC heap after
Heap after GC invocations=11 (full 1):
 PSYoungGen      total 154624K, used 13537K [0x00000000f0380000, 0x00000000fba00000, 0x0000000100000000)
  eden space 140800K, 0% used [0x00000000f0380000,0x00000000f0380000,0x00000000f8d00000)
  from space 13824K, 97% used [0x00000000fac80000,0x00000000fb9b86b0,0x00000000fba00000)
  to   space 19968K, 0% used [0x00000000f9300000,0x00000000f9300000,0x00000000fa680000)
 ParOldGen       total 56832K, used 32710K [0x00000000d0a00000, 0x00000000d4180000, 0x00000000f0380000)
  object space 56832K, 57% used [0x00000000d0a00000,0x00000000d29f1aa8,0x00000000d4180000)
 Metaspace       used 18544K, capacity 18720K, committed 19200K, reserved 1067008K
  class space    used 2153K, capacity 2202K, committed 2304K, reserved 1048576K
}

