# JRE version: Java(TM) SE Runtime Environment (8.0_25-b17) (build 1.8.0_25-b17)
# Java VM: Java HotSpot(TM) 64-Bit Server VM (25.25-b02 mixed mode linux-amd64 compressed oops)
Heap:
 PSYoungGen      total 105472K, used 31781K [0x00000000f0380000, 0x00000000fd180000, 0x0000000100000000)
  eden space 98304K, 32% used [0x00000000f0380000,0x00000000f22895d8,0x00000000f6380000)
  from space 7168K, 0% used [0x00000000f6380000,0x00000000f6380000,0x00000000f6a80000)
  to   space 7168K, 0% used [0x00000000fca80000,0x00000000fca80000,0x00000000fd180000)
 ParOldGen       total 29696K, used 8520K [0x00000000d0a00000, 0x00000000d2700000, 0x00000000f0380000)
  object space 29696K, 28% used [0x00000000d0a00000,0x00000000d1252318,0x00000000d2700000)
 Metaspace       used 22520K, capacity 22714K, committed 23168K, reserved 1069056K
  class space    used 2561K, capacity 2601K, committed 2688K, reserved 1048576K
GC Heap History (10 events):
Event: 4.996 GC heap before
{Heap before GC invocations=4 (full 0):
 PSYoungGen      total 26624K, used 26592K [0x00000000f0380000, 0x00000000f3780000, 0x0000000100000000)
  eden space 24576K, 100% used [0x00000000f0380000,0x00000000f1b80000,0x00000000f1b80000)
  from space 2048K, 98% used [0x00000000f1b80000,0x00000000f1d78070,0x00000000f1d80000)
  to   space 2048K, 0% used [0x00000000f3580000,0x00000000f3580000,0x00000000f3780000)
 ParOldGen       total 32768K, used 8917K [0x00000000d0a00000, 0x00000000d2a00000, 0x00000000f0380000)
  object space 32768K, 27% used [0x00000000d0a00000,0x00000000d12b5538,0x00000000d2a00000)
 Metaspace       used 17050K, capacity 17220K, committed 17536K, reserved 1064960K
  class space    used 1990K, capacity 2054K, committed 2176K, reserved 1048576K
Event: 5.031 GC heap after
Heap after GC invocations=4 (full 0):
 PSYoungGen      total 51200K, used 2024K [0x00000000f0380000, 0x00000000f3780000, 0x0000000100000000)
  eden space 49152K, 0% used [0x00000000f0380000,0x00000000f0380000,0x00000000f3380000)
  from space 2048K, 98% used [0x00000000f3580000,0x00000000f377a058,0x00000000f3780000)
  to   space 2048K, 0% used [0x00000000f3380000,0x00000000f3380000,0x00000000f3580000)
 ParOldGen       total 32768K, used 10711K [0x00000000d0a00000, 0x00000000d2a00000, 0x00000000f0380000)
  object space 32768K, 32% used [0x00000000d0a00000,0x00000000d1475e58,0x00000000d2a00000)
 Metaspace       used 17050K, capacity 17220K, committed 17536K, reserved 1064960K
  class space    used 1990K, capacity 2054K, committed 2176K, reserved 1048576K
}
Event: 10.505 GC heap before
{Heap before GC invocations=5 (full 0):
 PSYoungGen      total 51200K, used 51176K [0x00000000f0380000, 0x00000000f3780000, 0x0000000100000000)
  eden space 49152K, 100% used [0x00000000f0380000,0x00000000f3380000,0x00000000f3380000)
  from space 2048K, 98% used [0x00000000f3580000,0x00000000f377a058,0x00000000f3780000)
  to   space 2048K, 0% used [0x00000000f3380000,0x00000000f3380000,0x00000000f3580000)
 ParOldGen       total 32768K, used 10711K [0x00000000d0a00000, 0x00000000d2a00000, 0x00000000f0380000)
  object space 32768K, 32% used [0x00000000d0a00000,0x00000000d1475e58,0x00000000d2a00000)
 Metaspace       used 19168K, capacity 19306K, committed 19456K, reserved 1067008K
  class space    used 2206K, capacity 2279K, committed 2304K, reserved 1048576K
Event: 10.526 GC heap after
Heap after GC invocations=5 (full 0):
 PSYoungGen      total 51200K, used 2023K [0x00000000f0380000, 0x00000000f7180000, 0x0000000100000000)
  eden space 49152K, 0% used [0x00000000f0380000,0x00000000f0380000,0x00000000f3380000)
  from space 2048K, 98% used [0x00000000f3380000,0x00000000f3579ef0,0x00000000f3580000)
  to   space 7168K, 0% used [0x00000000f6a80000,0x00000000f6a80000,0x00000000f7180000)
 ParOldGen       total 32768K, used 12711K [0x00000000d0a00000, 0x00000000d2a00000, 0x00000000f0380000)
  object space 32768K, 38% used [0x00000000d0a00000,0x00000000d1669f60,0x00000000d2a00000)
 Metaspace       used 19168K, capacity 19306K, committed 19456K, reserved 1067008K
  class space    used 2206K, capacity 2279K, committed 2304K, reserved 1048576K
}
Event: 12.719 GC heap before
{Heap before GC invocations=6 (full 0):
 PSYoungGen      total 51200K, used 51175K [0x00000000f0380000, 0x00000000f7180000, 0x0000000100000000)
  eden space 49152K, 100% used [0x00000000f0380000,0x00000000f3380000,0x00000000f3380000)
  from space 2048K, 98% used [0x00000000f3380000,0x00000000f3579ef0,0x00000000f3580000)
  to   space 7168K, 0% used [0x00000000f6a80000,0x00000000f6a80000,0x00000000f7180000)
 ParOldGen       total 32768K, used 12711K [0x00000000d0a00000, 0x00000000d2a00000, 0x00000000f0380000)
  object space 32768K, 38% used [0x00000000d0a00000,0x00000000d1669f60,0x00000000d2a00000)
 Metaspace       used 19282K, capacity 19434K, committed 19712K, reserved 1067008K
  class space    used 2207K, capacity 2279K, committed 2304K, reserved 1048576K
Event: 12.733 GC heap after
Heap after GC invocations=6 (full 0):
 PSYoungGen      total 105472K, used 2757K [0x00000000f0380000, 0x00000000f7180000, 0x0000000100000000)
  eden space 98304K, 0% used [0x00000000f0380000,0x00000000f0380000,0x00000000f6380000)
  from space 7168K, 38% used [0x00000000f6a80000,0x00000000f6d315a0,0x00000000f7180000)
  to   space 7168K, 0% used [0x00000000f6380000,0x00000000f6380000,0x00000000f6a80000)
 ParOldGen       total 32768K, used 12711K [0x00000000d0a00000, 0x00000000d2a00000, 0x00000000f0380000)
  object space 32768K, 38% used [0x00000000d0a00000,0x00000000d1669f60,0x00000000d2a00000)
 Metaspace       used 19282K, capacity 19434K, committed 19712K, reserved 1067008K
  class space    used 2207K, capacity 2279K, committed 2304K, reserved 1048576K
}
Event: 13.195 GC heap before
{Heap before GC invocations=7 (full 0):
 PSYoungGen      total 105472K, used 19561K [0x00000000f0380000, 0x00000000f7180000, 0x0000000100000000)
  eden space 98304K, 17% used [0x00000000f0380000,0x00000000f13e9098,0x00000000f6380000)
  from space 7168K, 38% used [0x00000000f6a80000,0x00000000f6d315a0,0x00000000f7180000)
  to   space 7168K, 0% used [0x00000000f6380000,0x00000000f6380000,0x00000000f6a80000)
 ParOldGen       total 32768K, used 12711K [0x00000000d0a00000, 0x00000000d2a00000, 0x00000000f0380000)
  object space 32768K, 38% used [0x00000000d0a00000,0x00000000d1669f60,0x00000000d2a00000)
 Metaspace       used 20838K, capacity 21002K, committed 21248K, reserved 1069056K
  class space    used 2370K, capacity 2439K, committed 2560K, reserved 1048576K
Event: 13.216 GC heap after
Heap after GC invocations=7 (full 0):
 PSYoungGen      total 105472K, used 3979K [0x00000000f0380000, 0x00000000fd180000, 0x0000000100000000)
  eden space 98304K, 0% used [0x00000000f0380000,0x00000000f0380000,0x00000000f6380000)
  from space 7168K, 55% used [0x00000000f6380000,0x00000000f6762c38,0x00000000f6a80000)
  to   space 7168K, 0% used [0x00000000fca80000,0x00000000fca80000,0x00000000fd180000)
 ParOldGen       total 32768K, used 13087K [0x00000000d0a00000, 0x00000000d2a00000, 0x00000000f0380000)
  object space 32768K, 39% used [0x00000000d0a00000,0x00000000d16c7fb0,0x00000000d2a00000)
 Metaspace       used 20838K, capacity 21002K, committed 21248K, reserved 1069056K
  class space    used 2370K, capacity 2439K, committed 2560K, reserved 1048576K
}
Event: 13.216 GC heap before
{Heap before GC invocations=8 (full 1):
 PSYoungGen      total 105472K, used 3979K [0x00000000f0380000, 0x00000000fd180000, 0x0000000100000000)
  eden space 98304K, 0% used [0x00000000f0380000,0x00000000f0380000,0x00000000f6380000)
  from space 7168K, 55% used [0x00000000f6380000,0x00000000f6762c38,0x00000000f6a80000)
  to   space 7168K, 0% used [0x00000000fca80000,0x00000000fca80000,0x00000000fd180000)
 ParOldGen       total 32768K, used 13087K [0x00000000d0a00000, 0x00000000d2a00000, 0x00000000f0380000)
  object space 32768K, 39% used [0x00000000d0a00000,0x00000000d16c7fb0,0x00000000d2a00000)
 Metaspace       used 20838K, capacity 21002K, committed 21248K, reserved 1069056K
  class space    used 2370K, capacity 2439K, committed 2560K, reserved 1048576K
Event: 13.319 GC heap after
Heap after GC invocations=8 (full 1):
 PSYoungGen      total 105472K, used 0K [0x00000000f0380000, 0x00000000fd180000, 0x0000000100000000)
  eden space 98304K, 0% used [0x00000000f0380000,0x00000000f0380000,0x00000000f6380000)
  from space 7168K, 0% used [0x00000000f6380000,0x00000000f6380000,0x00000000f6a80000)
  to   space 7168K, 0% used [0x00000000fca80000,0x00000000fca80000,0x00000000fd180000)
 ParOldGen       total 29696K, used 8520K [0x00000000d0a00000, 0x00000000d2700000, 0x00000000f0380000)
  object space 29696K, 28% used [0x00000000d0a00000,0x00000000d1252318,0x00000000d2700000)
 Metaspace       used 20836K, capacity 21000K, committed 21248K, reserved 1069056K
  class space    used 2370K, capacity 2438K, committed 2560K, reserved 1048576K
}

